#
# A fatal error has been detected by the Java Runtime Environment:
#
#  SIGSEGV (0xb) at pc=0x00007feaef180489, pid=32082, tid=140646775121664
#
# JRE version: 7.0_25-b30
# Java VM: OpenJDK 64-Bit Server VM (23.7-b01 mixed mode linux-amd64 compressed oops)
# Problematic frame:
# V  [libjvm.so+0x531489]  java_lang_String::utf8_length(oopDesc*)+0xb9
#
# Failed to write core dump. Core dumps have been disabled. To enable core dumping, try "ulimit -c unlimited" before starting Java again
#
# If you would like to submit a bug report, please include
# instructions on how to reproduce the bug and visit:
#   https://bugs.launchpad.net/ubuntu/+source/openjdk-7/
#

---------------  T H R E A D  ---------------

Current thread (0x00007feae8123800):  JavaThread "JDWP Transport Listener: dt_socket" daemon [_thread_in_vm, id=32102, stack(0x00007feae101e000,0x00007feae111f000)]

siginfo:si_signo=SIGSEGV: si_errno=0, si_code=1 (SEGV_MAPERR), si_addr=0x000000000000000c

Registers:
RAX=0x0000000000000001, RBX=0x00007feae8123800, RCX=0x000000000000000c, RDX=0x0000000000000000
RSP=0x00007feae111daa0, RBP=0x00007feae111daa0, RSI=0x000000000000000c, RDI=0x000000075a00afd8
R8 =0x0000000000000000, R9 =0x0000000000000000, R10=0x000000000000001a, R11=0x00007feaeffe98ba
R12=0x000000075a00afd8, R13=0x00007feae800e2e8, R14=0x00007feae111dbe0, R15=0x0000000000000000
RIP=0x00007feaef180489, EFLAGS=0x0000000000010246, CSGSFS=0x0000000000000033, ERR=0x0000000000000004
  TRAPNO=0x000000000000000e

Top of Stack: (sp=0x00007feae111daa0)
0x00007feae111daa0:   00007feae111db10 00007feaef19040f
0x00007feae111dab0:   00007feaedde9ee0 0000000000000000
0x00007feae111dac0:   00007feae8123800 0000000000000000
0x00007feae111dad0:   00007feae81239d8 00007feae800e2e8
0x00007feae111dae0:   00007feae111dbb0 00007feae81239d8
0x00007feae111daf0:   00007feaedde9ee0 00007feae800e2e8
0x00007feae111db00:   00007feae111dbe0 00007feaedde9ee0
0x00007feae111db10:   00007feae111db50 00007feaedbb7ec2
0x00007feae111db20:   00007feae111dbb0 0000000000010a00
0x00007feae111db30:   00007feae111dbb0 000000000000000a
0x00007feae111db40:   00007feae111dbe0 00007feaedde9ee0
0x00007feae111db50:   00007feae111dda0 00007feaedbc0498
0x00007feae111db60:   0000213900000013 00007fea84010a00
0x00007feae111db70:   00007fea7c000f80 0000000000000000
0x00007feae111db80:   00007feaefb470f9 00007fea7c000801
0x00007feae111db90:   0000213900000013 00007fea84010a00
0x00007feae111dba0:   00007fea7c000f80 00007feaef244c90
0x00007feae111dbb0:   00007fea7c000f88 000000000000000b
0x00007feae111dbc0:   0000213900000013 00007fea84010a00
0x00007feae111dbd0:   00007fea7c000f80 00007fea8400f640
0x00007feae111dbe0:   00007feae111dc30 00007fea0000012c
0x00007feae111dbf0:   00007feae111dbf8 0000000000000000
0x00007feae111dc00:   00007feae111dc30 0000000000000000
0x00007feae111dc10:   00007f0000000000 00002139000006c3
0x00007feae111dc20:   00007fea00003880 0000000000000000
0x00007feae111dc30:   0000000034000000 0000000100009500
0x00007feae111dc40:   7f00005400000000 000000e0410184ea
0x00007feae111dc50:   0000002300000000 0000010100950000
0x00007feae111dc60:   00004e0000000000 0000e0ab0078ea7f
0x00007feae111dc70:   00000d0000000000 0001020095000000
0x00007feae111dc80:   0044000000000000 00783a0184ea7f00
0x00007feae111dc90:   001c000000000000 0103009500000000 

Instructions: (pc=0x00007feaef180489)
0x00007feaef180469:   42 76 00 89 ca 8b 4e 08 48 d3 e2 48 03 16 b9 0c
0x00007feaef180479:   00 00 00 eb 0b 66 90 48 8b 14 37 b9 10 00 00 00
0x00007feaef180489:   8b 34 0a e9 7c ff ff ff 90 66 66 66 66 66 2e 0f
0x00007feaef180499:   1f 84 00 00 00 00 00 48 8d 05 5c fb 77 00 55 48 

Register to memory mapping:

RAX=0x0000000000000001 is an unknown value
RBX=0x00007feae8123800 is a thread
RCX=0x000000000000000c is an unknown value
RDX=0x0000000000000000 is an unknown value
RSP=0x00007feae111daa0 is pointing into the stack for thread: 0x00007feae8123800
RBP=0x00007feae111daa0 is pointing into the stack for thread: 0x00007feae8123800
RSI=0x000000000000000c is an unknown value
RDI=0x000000075a00afd8 is an oop
java.lang.String 
 - klass: 'java/lang/String'
R8 =0x0000000000000000 is an unknown value
R9 =0x0000000000000000 is an unknown value
R10=0x000000000000001a is an unknown value
R11=0x00007feaeffe98ba: <offset 0x8c8ba> in /lib/x86_64-linux-gnu/libc.so.6 at 0x00007feaeff5d000
R12=0x000000075a00afd8 is an oop
java.lang.String 
 - klass: 'java/lang/String'
R13=0x00007feae800e2e8 is a global jni handle
R14=0x00007feae111dbe0 is pointing into the stack for thread: 0x00007feae8123800
R15=0x0000000000000000 is an unknown value


Stack: [0x00007feae101e000,0x00007feae111f000],  sp=0x00007feae111daa0,  free space=1022k
Native frames: (J=compiled Java code, j=interpreted, Vv=VM code, C=native code)
V  [libjvm.so+0x531489]  java_lang_String::utf8_length(oopDesc*)+0xb9
V  [libjvm.so+0x54140f]  jni_GetStringUTFChars+0x4f
C  [libjdwp.so+0x8ec2]  getenv+0x8ec2
C  [libjdwp.so+0x11498]  Agent_OnLoad+0x1a88
C  [libjdwp.so+0x23595]  Agent_OnLoad+0x13b85
V  [libjvm.so+0x5f0a3b]  JvmtiAgentThread::start_function_wrapper(JavaThread*, Thread*)+0x9b
V  [libjvm.so+0x82f841]  JavaThread::thread_main_inner()+0xe1
V  [libjvm.so+0x70a9d2]  java_start(Thread*)+0xf2


---------------  P R O C E S S  ---------------

Java Threads: ( => current thread )
  0x00007feae800c800 JavaThread "DestroyJavaVM" [_thread_blocked, id=32085, stack(0x00007feaf0631000,0x00007feaf0732000)]
  0x00007feae8538800 JavaThread "AWT-EventQueue-0" [_thread_blocked, id=32119, stack(0x00007feacb383000,0x00007feacb484000)]
  0x00007feae8537000 JavaThread "AWT-Shutdown" [_thread_blocked, id=32118, stack(0x00007feacb484000,0x00007feacb585000)]
  0x00007feae84cb000 JavaThread "TimerQueue" daemon [_thread_blocked, id=32117, stack(0x00007feacbbfc000,0x00007feacbcfd000)]
  0x00007feae842a800 JavaThread "AWT-XAWT" daemon [_thread_in_native, id=32116, stack(0x00007feacbcfd000,0x00007feacbdfe000)]
  0x00007feae83ea000 JavaThread "Java2D Disposer" daemon [_thread_blocked, id=32115, stack(0x00007feacbdfe000,0x00007feacbeff000)]
  0x00007feae8304800 JavaThread "Timer-0" daemon [_thread_blocked, id=32114, stack(0x00007feacbeff000,0x00007feacc000000)]
  0x00007feae812e800 JavaThread "Service Thread" daemon [_thread_blocked, id=32112, stack(0x00007feae0b19000,0x00007feae0c1a000)]
  0x00007feae812c800 JavaThread "C2 CompilerThread1" daemon [_thread_blocked, id=32111, stack(0x00007feae0c1a000,0x00007feae0d1b000)]
  0x00007feae8129800 JavaThread "C2 CompilerThread0" daemon [_thread_blocked, id=32110, stack(0x00007feae0d1b000,0x00007feae0e1c000)]
  0x00007fea84001000 JavaThread "JDWP Command Reader" daemon [_thread_in_native, id=32105, stack(0x00007feae0e1c000,0x00007feae0f1d000)]
  0x00007feae8127000 JavaThread "JDWP Event Helper Thread" daemon [_thread_blocked, id=32104, stack(0x00007feae0f1d000,0x00007feae101e000)]
=>0x00007feae8123800 JavaThread "JDWP Transport Listener: dt_socket" daemon [_thread_in_vm, id=32102, stack(0x00007feae101e000,0x00007feae111f000)]
  0x00007feae8116800 JavaThread "Signal Dispatcher" daemon [_thread_blocked, id=32100, stack(0x00007feae1324000,0x00007feae1425000)]
  0x00007feae80be000 JavaThread "Finalizer" daemon [_thread_blocked, id=32099, stack(0x00007feae1425000,0x00007feae1526000)]
  0x00007feae80bc000 JavaThread "Reference Handler" daemon [_thread_blocked, id=32098, stack(0x00007feae1526000,0x00007feae1627000)]

Other Threads:
  0x00007feae80b3800 VMThread [stack: 0x00007feae1627000,0x00007feae1728000] [id=32097]
  0x00007feae8141800 WatcherThread [stack: 0x00007feae0a18000,0x00007feae0b19000] [id=32113]

VM state:not at safepoint (normal execution)

VM Mutex/Monitor currently owned by a thread: None

Heap
 PSYoungGen      total 150016K, used 25750K [0x0000000758a00000, 0x0000000763160000, 0x0000000800000000)
  eden space 128640K, 20% used [0x0000000758a00000,0x000000075a325aa8,0x00000007607a0000)
  from space 21376K, 0% used [0x0000000761c80000,0x0000000761c80000,0x0000000763160000)
  to   space 21376K, 0% used [0x00000007607a0000,0x00000007607a0000,0x0000000761c80000)
 ParOldGen       total 342784K, used 0K [0x0000000609e00000, 0x000000061ecc0000, 0x0000000758a00000)
  object space 342784K, 0% used [0x0000000609e00000,0x0000000609e00000,0x000000061ecc0000)
 PSPermGen       total 21248K, used 16298K [0x00000005ff800000, 0x0000000600cc0000, 0x0000000609e00000)
  object space 21248K, 76% used [0x00000005ff800000,0x00000006007eab28,0x0000000600cc0000)

Card table byte_map: [0x00007feae3ffb000,0x00007feae5000000] byte_map_base: 0x00007feae0fff000

Polling page: 0x00007feaf0752000

Code Cache  [0x00007feae5000000, 0x00007feae5270000, 0x00007feae8000000)
 total_blobs=527 nmethods=61 adapters=426 free_code_cache=48488Kb largest_free_block=49624832

Compilation events (10 events):
Event: 4,656 Thread 0x00007feae812c800 nmethod 55 0x00007feae509dc90 code [0x00007feae509de00, 0x00007feae509df78]
Event: 4,658 Thread 0x00007feae8129800 nmethod 54 0x00007feae50a2b90 code [0x00007feae50a2de0, 0x00007feae50a3478]
Event: 4,658 Thread 0x00007feae812c800    4 % !         org.sqlite.SQLiteJDBCLoader::md5sum @ 25 (104 bytes)
Event: 4,662 Thread 0x00007feae812c800 nmethod 4% 0x00007feae50a48d0 code [0x00007feae50a4b20, 0x00007feae50a5250]
Event: 4,663 Thread 0x00007feae8129800   56             sun.security.provider.MD5::implCompress (1508 bytes)
Event: 4,663 Thread 0x00007feae812c800   57             sun.security.provider.ByteArrayAccess::b2iLittle64 (586 bytes)
Event: 4,664 Thread 0x00007feae812c800 nmethod 57 0x00007feae50a2710 code [0x00007feae50a2860, 0x00007feae50a2a58]
Event: 4,673 Thread 0x00007feae8129800 nmethod 56 0x00007feae50a6850 code [0x00007feae50a69c0, 0x00007feae50a76e8]
Event: 4,708 Thread 0x00007feae812c800   58             sun.net.www.ParseUtil::encodePath (336 bytes)
Event: 4,723 Thread 0x00007feae812c800 nmethod 58 0x00007feae50a79d0 code [0x00007feae50a7c40, 0x00007feae50a90e8]

GC Heap History (0 events):
No events

Deoptimization events (10 events):
Event: 0,421 Thread 0x00007feae800c800 Uncommon trap -34 fr.pc 0x00007feae507be8c
Event: 3,715 Thread 0x00007feae8538800 Uncommon trap -34 fr.pc 0x00007feae507a624
Event: 3,715 Thread 0x00007feae8538800 Uncommon trap -34 fr.pc 0x00007feae507a624
Event: 4,538 Thread 0x00007feae8538800 Uncommon trap -34 fr.pc 0x00007feae507a624
Event: 4,538 Thread 0x00007feae8538800 Uncommon trap -34 fr.pc 0x00007feae507a624
Event: 4,565 Thread 0x00007feae8538800 Uncommon trap -83 fr.pc 0x00007feae50900cc
Event: 4,580 Thread 0x00007feae8538800 Uncommon trap -58 fr.pc 0x00007feae5080e48
Event: 4,580 Thread 0x00007feae8538800 Uncommon trap -58 fr.pc 0x00007feae5080e48
Event: 4,652 Thread 0x00007feae8538800 Uncommon trap 18 fr.pc 0x00007feae509cdf0
Event: 4,652 Thread 0x00007feae8538800 Uncommon trap -83 fr.pc 0x00007feae50a06f4

Internal exceptions (10 events):
Event: 4,709 Thread 0x00007feae8538800 Threw 0x0000000759fe0e08 at /build/buildd/openjdk-7-7u25-2.3.12/build/openjdk/hotspot/src/share/vm/prims/jvm.cpp:1235
Event: 4,709 Thread 0x00007feae8538800 Threw 0x0000000759fe4778 at /build/buildd/openjdk-7-7u25-2.3.12/build/openjdk/hotspot/src/share/vm/prims/jvm.cpp:1235
Event: 4,709 Thread 0x00007feae8538800 Threw 0x0000000759fe89f0 at /build/buildd/openjdk-7-7u25-2.3.12/build/openjdk/hotspot/src/share/vm/prims/jvm.cpp:1235
Event: 4,709 Thread 0x00007feae8538800 Threw 0x0000000759fec110 at /build/buildd/openjdk-7-7u25-2.3.12/build/openjdk/hotspot/src/share/vm/prims/jvm.cpp:1235
Event: 4,710 Thread 0x00007feae8538800 Threw 0x0000000759fefd90 at /build/buildd/openjdk-7-7u25-2.3.12/build/openjdk/hotspot/src/share/vm/prims/jvm.cpp:1235
Event: 4,710 Thread 0x00007feae8538800 Threw 0x0000000759ff3508 at /build/buildd/openjdk-7-7u25-2.3.12/build/openjdk/hotspot/src/share/vm/prims/jvm.cpp:1235
Event: 4,710 Thread 0x00007feae8538800 Threw 0x0000000759ff7cf8 at /build/buildd/openjdk-7-7u25-2.3.12/build/openjdk/hotspot/src/share/vm/prims/jvm.cpp:1235
Event: 4,711 Thread 0x00007feae8538800 Threw 0x0000000759ffbc18 at /build/buildd/openjdk-7-7u25-2.3.12/build/openjdk/hotspot/src/share/vm/prims/jvm.cpp:1235
Event: 4,712 Thread 0x00007feae8538800 Threw 0x000000075a002d50 at /build/buildd/openjdk-7-7u25-2.3.12/build/openjdk/hotspot/src/share/vm/prims/jvm.cpp:1235
Event: 4,712 Thread 0x00007feae8538800 Threw 0x000000075a006f30 at /build/buildd/openjdk-7-7u25-2.3.12/build/openjdk/hotspot/src/share/vm/prims/jvm.cpp:1235

Events (10 events):
Event: 78,365 Executing VM operation: GetOrSetLocal
Event: 78,365 Executing VM operation: GetOrSetLocal done
Event: 78,376 Executing VM operation: EnterInterpOnlyMode
Event: 78,376 Executing VM operation: EnterInterpOnlyMode done
Event: 78,376 Executing VM operation: GetCurrentLocation
Event: 78,376 Executing VM operation: GetCurrentLocation done
Event: 78,376 Executing VM operation: ChangeSingleStep
Event: 78,376 Executing VM operation: ChangeSingleStep done
Event: 78,377 Executing VM operation: ChangeSingleStep
Event: 78,377 Executing VM operation: ChangeSingleStep done


Dynamic libraries:
00400000-00401000 r-xp 00000000 08:07 4989408                            /usr/lib/jvm/java-7-openjdk-amd64/jre/bin/java
00600000-00601000 r--p 00000000 08:07 4989408                            /usr/lib/jvm/java-7-openjdk-amd64/jre/bin/java
00601000-00602000 rw-p 00001000 08:07 4989408                            /usr/lib/jvm/java-7-openjdk-amd64/jre/bin/java
0110f000-01130000 rw-p 00000000 00:00 0                                  [heap]
5ff800000-600cc0000 rw-p 00000000 00:00 0 
600cc0000-609e00000 rw-p 00000000 00:00 0 
609e00000-61ecc0000 rw-p 00000000 00:00 0 
61ecc0000-758a00000 rw-p 00000000 00:00 0 
758a00000-763160000 rw-p 00000000 00:00 0 
763160000-800000000 rw-p 00000000 00:00 0 
7fea50000000-7fea50021000 rw-p 00000000 00:00 0 
7fea50021000-7fea54000000 ---p 00000000 00:00 0 
7fea54000000-7fea54379000 rw-p 00000000 00:00 0 
7fea54379000-7fea58000000 ---p 00000000 00:00 0 
7fea58000000-7fea5802b000 rw-p 00000000 00:00 0 
7fea5802b000-7fea5c000000 ---p 00000000 00:00 0 
7fea5c000000-7fea5c021000 rw-p 00000000 00:00 0 
7fea5c021000-7fea60000000 ---p 00000000 00:00 0 
7fea60000000-7fea60021000 rw-p 00000000 00:00 0 
7fea60021000-7fea64000000 ---p 00000000 00:00 0 
7fea64000000-7fea64021000 rw-p 00000000 00:00 0 
7fea64021000-7fea68000000 ---p 00000000 00:00 0 
7fea68000000-7fea68021000 rw-p 00000000 00:00 0 
7fea68021000-7fea6c000000 ---p 00000000 00:00 0 
7fea6c000000-7fea6c021000 rw-p 00000000 00:00 0 
7fea6c021000-7fea70000000 ---p 00000000 00:00 0 
7fea70000000-7fea702bb000 rw-p 00000000 00:00 0 
7fea702bb000-7fea74000000 ---p 00000000 00:00 0 
7fea74000000-7fea74209000 rw-p 00000000 00:00 0 
7fea74209000-7fea78000000 ---p 00000000 00:00 0 
7fea78000000-7fea78021000 rw-p 00000000 00:00 0 
7fea78021000-7fea7c000000 ---p 00000000 00:00 0 
7fea7c000000-7fea7c021000 rw-p 00000000 00:00 0 
7fea7c021000-7fea80000000 ---p 00000000 00:00 0 
7fea80000000-7fea80021000 rw-p 00000000 00:00 0 
7fea80021000-7fea84000000 ---p 00000000 00:00 0 
7fea84000000-7fea84023000 rw-p 00000000 00:00 0 
7fea84023000-7fea88000000 ---p 00000000 00:00 0 
7fea88000000-7fea88021000 rw-p 00000000 00:00 0 
7fea88021000-7fea8c000000 ---p 00000000 00:00 0 
7fea8c000000-7fea8c021000 rw-p 00000000 00:00 0 
7fea8c021000-7fea90000000 ---p 00000000 00:00 0 
7fea90000000-7fea90021000 rw-p 00000000 00:00 0 
7fea90021000-7fea94000000 ---p 00000000 00:00 0 
7fea97fb0000-7feaac000000 rw-p 00000000 00:00 0 
7feaac000000-7feaac021000 rw-p 00000000 00:00 0 
7feaac021000-7feab0000000 ---p 00000000 00:00 0 
7feab4000000-7feab4021000 rw-p 00000000 00:00 0 
7feab4021000-7feab8000000 ---p 00000000 00:00 0 
7feab8000000-7feab8021000 rw-p 00000000 00:00 0 
7feab8021000-7feabc000000 ---p 00000000 00:00 0 
7feabc000000-7feabc021000 rw-p 00000000 00:00 0 
7feabc021000-7feac0000000 ---p 00000000 00:00 0 
7feac4000000-7feac4021000 rw-p 00000000 00:00 0 
7feac4021000-7feac8000000 ---p 00000000 00:00 0 
7feacad27000-7feacaf20000 rw-p 00000000 00:00 0 
7feacaf20000-7feacafa4000 r-xp 00000000 08:07 3932177                    /tmp/sqlite-3.7.2-libsqlitejdbc.so
7feacafa4000-7feacb1a4000 ---p 00084000 08:07 3932177                    /tmp/sqlite-3.7.2-libsqlitejdbc.so
7feacb1a4000-7feacb1a5000 r--p 00084000 08:07 3932177                    /tmp/sqlite-3.7.2-libsqlitejdbc.so
7feacb1a5000-7feacb1a8000 rw-p 00085000 08:07 3932177                    /tmp/sqlite-3.7.2-libsqlitejdbc.so
7feacb1a8000-7feacb383000 rw-s 00000000 00:04 183074836                  /SYSV00000000 (deleted)
7feacb383000-7feacb386000 ---p 00000000 00:00 0 
7feacb386000-7feacb484000 rw-p 00000000 00:00 0                          [stack:32119]
7feacb484000-7feacb487000 ---p 00000000 00:00 0 
7feacb487000-7feacb585000 rw-p 00000000 00:00 0                          [stack:32118]
7feacb585000-7feacb595000 r-xp 00000000 08:07 4989375                    /usr/lib/jvm/java-7-openjdk-amd64/jre/lib/amd64/libnio.so
7feacb595000-7feacb794000 ---p 00010000 08:07 4989375                    /usr/lib/jvm/java-7-openjdk-amd64/jre/lib/amd64/libnio.so
7feacb794000-7feacb795000 r--p 0000f000 08:07 4989375                    /usr/lib/jvm/java-7-openjdk-amd64/jre/lib/amd64/libnio.so
7feacb795000-7feacb796000 rw-p 00010000 08:07 4989375                    /usr/lib/jvm/java-7-openjdk-amd64/jre/lib/amd64/libnio.so
7feacb796000-7feacb7ac000 r-xp 00000000 08:07 4989379                    /usr/lib/jvm/java-7-openjdk-amd64/jre/lib/amd64/libnet.so
7feacb7ac000-7feacb9ab000 ---p 00016000 08:07 4989379                    /usr/lib/jvm/java-7-openjdk-amd64/jre/lib/amd64/libnet.so
7feacb9ab000-7feacb9ac000 r--p 00015000 08:07 4989379                    /usr/lib/jvm/java-7-openjdk-amd64/jre/lib/amd64/libnet.so
7feacb9ac000-7feacb9ad000 rw-p 00016000 08:07 4989379                    /usr/lib/jvm/java-7-openjdk-amd64/jre/lib/amd64/libnet.so
7feacb9ad000-7feacb9f9000 r-xp 00000000 08:07 4989387                    /usr/lib/jvm/java-7-openjdk-amd64/jre/lib/amd64/libfontmanager.so
7feacb9f9000-7feacbbf8000 ---p 0004c000 08:07 4989387                    /usr/lib/jvm/java-7-openjdk-amd64/jre/lib/amd64/libfontmanager.so
7feacbbf8000-7feacbbfb000 r--p 0004b000 08:07 4989387                    /usr/lib/jvm/java-7-openjdk-amd64/jre/lib/amd64/libfontmanager.so
7feacbbfb000-7feacbbfc000 rw-p 0004e000 08:07 4989387                    /usr/lib/jvm/java-7-openjdk-amd64/jre/lib/amd64/libfontmanager.so
7feacbbfc000-7feacbbff000 ---p 00000000 00:00 0 
7feacbbff000-7feacbcfd000 rw-p 00000000 00:00 0                          [stack:32117]
7feacbcfd000-7feacbd00000 ---p 00000000 00:00 0 
7feacbd00000-7feacbdfe000 rw-p 00000000 00:00 0                          [stack:32116]
7feacbdfe000-7feacbe01000 ---p 00000000 00:00 0 
7feacbe01000-7feacbeff000 rw-p 00000000 00:00 0                          [stack:32115]
7feacbeff000-7feacbf02000 ---p 00000000 00:00 0 
7feacbf02000-7feacc000000 rw-p 00000000 00:00 0                          [stack:32114]
7feacc000000-7feacc021000 rw-p 00000000 00:00 0 
7feacc021000-7fead0000000 ---p 00000000 00:00 0 
7fead0059000-7fead005d000 r-xp 00000000 08:07 2232198                    /lib/x86_64-linux-gnu/libgpg-error.so.0.10.0
7fead005d000-7fead025c000 ---p 00004000 08:07 2232198                    /lib/x86_64-linux-gnu/libgpg-error.so.0.10.0
7fead025c000-7fead025d000 r--p 00003000 08:07 2232198                    /lib/x86_64-linux-gnu/libgpg-error.so.0.10.0
7fead025d000-7fead025e000 rw-p 00004000 08:07 2232198                    /lib/x86_64-linux-gnu/libgpg-error.so.0.10.0
7fead025e000-7fead0260000 r-xp 00000000 08:07 2232210                    /lib/x86_64-linux-gnu/libkeyutils.so.1.4
7fead0260000-7fead0460000 ---p 00002000 08:07 2232210                    /lib/x86_64-linux-gnu/libkeyutils.so.1.4
7fead0460000-7fead0461000 r--p 00002000 08:07 2232210                    /lib/x86_64-linux-gnu/libkeyutils.so.1.4
7fead0461000-7fead0462000 rw-p 00003000 08:07 2232210                    /lib/x86_64-linux-gnu/libkeyutils.so.1.4
7fead0462000-7fead047a000 r-xp 00000000 08:07 4071638                    /usr/lib/x86_64-linux-gnu/libgraphite2.so.3.0.1
7fead047a000-7fead0679000 ---p 00018000 08:07 4071638                    /usr/lib/x86_64-linux-gnu/libgraphite2.so.3.0.1
7fead0679000-7fead067b000 r--p 00017000 08:07 4071638                    /usr/lib/x86_64-linux-gnu/libgraphite2.so.3.0.1
7fead067b000-7fead067c000 rw-p 00019000 08:07 4071638                    /usr/lib/x86_64-linux-gnu/libgraphite2.so.3.0.1
7fead067c000-7fead06c0000 r-xp 00000000 08:07 2232179                    /lib/x86_64-linux-gnu/libdbus-1.so.3.7.4
7fead06c0000-7fead08bf000 ---p 00044000 08:07 2232179                    /lib/x86_64-linux-gnu/libdbus-1.so.3.7.4
7fead08bf000-7fead08c0000 r--p 00043000 08:07 2232179                    /lib/x86_64-linux-gnu/libdbus-1.so.3.7.4
7fead08c0000-7fead08c1000 rw-p 00044000 08:07 2232179                    /lib/x86_64-linux-gnu/libdbus-1.so.3.7.4
7fead08c1000-7fead08df000 r-xp 00000000 08:07 4071912                    /usr/lib/x86_64-linux-gnu/libp11-kit.so.0.0.0
7fead08df000-7fead0ade000 ---p 0001e000 08:07 4071912                    /usr/lib/x86_64-linux-gnu/libp11-kit.so.0.0.0
7fead0ade000-7fead0ae0000 r--p 0001d000 08:07 4071912                    /usr/lib/x86_64-linux-gnu/libp11-kit.so.0.0.0
7fead0ae0000-7fead0ae1000 rw-p 0001f000 08:07 4071912                    /usr/lib/x86_64-linux-gnu/libp11-kit.so.0.0.0
7fead0ae1000-7fead0af1000 r-xp 00000000 08:07 4072066                    /usr/lib/x86_64-linux-gnu/libtasn1.so.3.2.0
7fead0af1000-7fead0cf0000 ---p 00010000 08:07 4072066                    /usr/lib/x86_64-linux-gnu/libtasn1.so.3.2.0
7fead0cf0000-7fead0cf1000 r--p 0000f000 08:07 4072066                    /usr/lib/x86_64-linux-gnu/libtasn1.so.3.2.0
7fead0cf1000-7fead0cf2000 rw-p 00010000 08:07 4072066                    /usr/lib/x86_64-linux-gnu/libtasn1.so.3.2.0
7fead0cf2000-7fead0d6c000 r-xp 00000000 08:07 2232194                    /lib/x86_64-linux-gnu/libgcrypt.so.11.7.0
7fead0d6c000-7fead0f6c000 ---p 0007a000 08:07 2232194                    /lib/x86_64-linux-gnu/libgcrypt.so.11.7.0
7fead0f6c000-7fead0f6d000 r--p 0007a000 08:07 2232194                    /lib/x86_64-linux-gnu/libgcrypt.so.11.7.0
7fead0f6d000-7fead0f70000 rw-p 0007b000 08:07 2232194                    /lib/x86_64-linux-gnu/libgcrypt.so.11.7.0
7fead0f70000-7fead0f77000 r-xp 00000000 08:07 4071811                    /usr/lib/x86_64-linux-gnu/libkrb5support.so.0.1
7fead0f77000-7fead1176000 ---p 00007000 08:07 4071811                    /usr/lib/x86_64-linux-gnu/libkrb5support.so.0.1
7fead1176000-7fead1177000 r--p 00006000 08:07 4071811                    /usr/lib/x86_64-linux-gnu/libkrb5support.so.0.1
7fead1177000-7fead1178000 rw-p 00007000 08:07 4071811                    /usr/lib/x86_64-linux-gnu/libkrb5support.so.0.1
7fead1178000-7fead117b000 r-xp 00000000 08:07 2232174                    /lib/x86_64-linux-gnu/libcom_err.so.2.1
7fead117b000-7fead137a000 ---p 00003000 08:07 2232174                    /lib/x86_64-linux-gnu/libcom_err.so.2.1
7fead137a000-7fead137b000 r--p 00002000 08:07 2232174                    /lib/x86_64-linux-gnu/libcom_err.so.2.1
7fead137b000-7fead137c000 rw-p 00003000 08:07 2232174                    /lib/x86_64-linux-gnu/libcom_err.so.2.1
7fead137c000-7fead13a2000 r-xp 00000000 08:07 4071805                    /usr/lib/x86_64-linux-gnu/libk5crypto.so.3.1
7fead13a2000-7fead15a1000 ---p 00026000 08:07 4071805                    /usr/lib/x86_64-linux-gnu/libk5crypto.so.3.1
7fead15a1000-7fead15a2000 r--p 00025000 08:07 4071805                    /usr/lib/x86_64-linux-gnu/libk5crypto.so.3.1
7fead15a2000-7fead15a3000 rw-p 00026000 08:07 4071805                    /usr/lib/x86_64-linux-gnu/libk5crypto.so.3.1
7fead15a3000-7fead15a4000 rw-p 00000000 00:00 0 
7fead15a4000-7fead1669000 r-xp 00000000 08:07 4071809                    /usr/lib/x86_64-linux-gnu/libkrb5.so.3.3
7fead1669000-7fead1868000 ---p 000c5000 08:07 4071809                    /usr/lib/x86_64-linux-gnu/libkrb5.so.3.3
7fead1868000-7fead1872000 r--p 000c4000 08:07 4071809                    /usr/lib/x86_64-linux-gnu/libkrb5.so.3.3
7fead1872000-7fead1873000 rw-p 000ce000 08:07 4071809                    /usr/lib/x86_64-linux-gnu/libkrb5.so.3.3
7fead1873000-7fead1879000 r-xp 00000000 08:07 4071430                    /usr/lib/x86_64-linux-gnu/libdatrie.so.1.2.0
7fead1879000-7fead1a78000 ---p 00006000 08:07 4071430                    /usr/lib/x86_64-linux-gnu/libdatrie.so.1.2.0
7fead1a78000-7fead1a79000 r--p 00005000 08:07 4071430                    /usr/lib/x86_64-linux-gnu/libdatrie.so.1.2.0
7fead1a79000-7fead1a7a000 rw-p 00006000 08:07 4071430                    /usr/lib/x86_64-linux-gnu/libdatrie.so.1.2.0
7fead1a7a000-7fead1aca000 r-xp 00000000 08:07 4071746                    /usr/lib/x86_64-linux-gnu/libharfbuzz.so.0.919.0
7fead1aca000-7fead1cca000 ---p 00050000 08:07 4071746                    /usr/lib/x86_64-linux-gnu/libharfbuzz.so.0.919.0
7fead1cca000-7fead1ccb000 r--p 00050000 08:07 4071746                    /usr/lib/x86_64-linux-gnu/libharfbuzz.so.0.919.0
7fead1ccb000-7fead1ccc000 rw-p 00051000 08:07 4071746                    /usr/lib/x86_64-linux-gnu/libharfbuzz.so.0.919.0
7fead1ccc000-7fead1cd4000 r-xp 00000000 08:07 4072181                    /usr/lib/x86_64-linux-gnu/libxcb-render.so.0.0.0
7fead1cd4000-7fead1ed3000 ---p 00008000 08:07 4072181                    /usr/lib/x86_64-linux-gnu/libxcb-render.so.0.0.0
7fead1ed3000-7fead1ed4000 r--p 00007000 08:07 4072181                    /usr/lib/x86_64-linux-gnu/libxcb-render.so.0.0.0
7fead1ed4000-7fead1ed5000 rw-p 00008000 08:07 4072181                    /usr/lib/x86_64-linux-gnu/libxcb-render.so.0.0.0
7fead1ed5000-7fead1ed7000 r-xp 00000000 08:07 4072185                    /usr/lib/x86_64-linux-gnu/libxcb-shm.so.0.0.0
7fead1ed7000-7fead20d6000 ---p 00002000 08:07 4072185                    /usr/lib/x86_64-linux-gnu/libxcb-shm.so.0.0.0
7fead20d6000-7fead20d7000 r--p 00001000 08:07 4072185                    /usr/lib/x86_64-linux-gnu/libxcb-shm.so.0.0.0
7fead20d7000-7fead20d8000 rw-p 00002000 08:07 4072185                    /usr/lib/x86_64-linux-gnu/libxcb-shm.so.0.0.0
7fead20d8000-7fead20fd000 r-xp 00000000 08:07 2232277                    /lib/x86_64-linux-gnu/libpng12.so.0.49.0
7fead20fd000-7fead22fc000 ---p 00025000 08:07 2232277                    /lib/x86_64-linux-gnu/libpng12.so.0.49.0
7fead22fc000-7fead22fd000 r--p 00024000 08:07 2232277                    /lib/x86_64-linux-gnu/libpng12.so.0.49.0
7fead22fd000-7fead22fe000 rw-p 00025000 08:07 2232277                    /lib/x86_64-linux-gnu/libpng12.so.0.49.0
7fead22fe000-7fead239f000 r-xp 00000000 08:07 4071942                    /usr/lib/x86_64-linux-gnu/libpixman-1.so.0.30.2
7fead239f000-7fead259f000 ---p 000a1000 08:07 4071942                    /usr/lib/x86_64-linux-gnu/libpixman-1.so.0.30.2
7fead259f000-7fead25a6000 r--p 000a1000 08:07 4071942                    /usr/lib/x86_64-linux-gnu/libpixman-1.so.0.30.2
7fead25a6000-7fead25a7000 rw-p 000a8000 08:07 4071942                    /usr/lib/x86_64-linux-gnu/libpixman-1.so.0.30.2
7fead25a7000-7fead25ac000 r-xp 00000000 08:07 4071252                    /usr/lib/x86_64-linux-gnu/libXdmcp.so.6.0.0
7fead25ac000-7fead27ab000 ---p 00005000 08:07 4071252                    /usr/lib/x86_64-linux-gnu/libXdmcp.so.6.0.0
7fead27ab000-7fead27ac000 r--p 00004000 08:07 4071252                    /usr/lib/x86_64-linux-gnu/libXdmcp.so.6.0.0
7fead27ac000-7fead27ad000 rw-p 00005000 08:07 4071252                    /usr/lib/x86_64-linux-gnu/libXdmcp.so.6.0.0
7fead27ad000-7fead27af000 r-xp 00000000 08:07 4071241                    /usr/lib/x86_64-linux-gnu/libXau.so.6.0.0
7fead27af000-7fead29af000 ---p 00002000 08:07 4071241                    /usr/lib/x86_64-linux-gnu/libXau.so.6.0.0
7fead29af000-7fead29b0000 r--p 00002000 08:07 4071241                    /usr/lib/x86_64-linux-gnu/libXau.so.6.0.0
7fead29b0000-7fead29b1000 rw-p 00003000 08:07 4071241                    /usr/lib/x86_64-linux-gnu/libXau.so.6.0.0
7fead29b1000-7fead29c0000 r-xp 00000000 08:07 4071333                    /usr/lib/x86_64-linux-gnu/libavahi-client.so.3.2.9
7fead29c0000-7fead2bc0000 ---p 0000f000 08:07 4071333                    /usr/lib/x86_64-linux-gnu/libavahi-client.so.3.2.9
7fead2bc0000-7fead2bc1000 r--p 0000f000 08:07 4071333                    /usr/lib/x86_64-linux-gnu/libavahi-client.so.3.2.9
7fead2bc1000-7fead2bc2000 rw-p 00010000 08:07 4071333                    /usr/lib/x86_64-linux-gnu/libavahi-client.so.3.2.9
7fead2bc2000-7fead2bcd000 r-xp 00000000 08:07 4071335                    /usr/lib/x86_64-linux-gnu/libavahi-common.so.3.5.3
7fead2bcd000-7fead2dcc000 ---p 0000b000 08:07 4071335                    /usr/lib/x86_64-linux-gnu/libavahi-common.so.3.5.3
7fead2dcc000-7fead2dcd000 r--p 0000a000 08:07 4071335                    /usr/lib/x86_64-linux-gnu/libavahi-common.so.3.5.3
7fead2dcd000-7fead2dce000 rw-p 0000b000 08:07 4071335                    /usr/lib/x86_64-linux-gnu/libavahi-common.so.3.5.3
7fead2dce000-7fead2e84000 r-xp 00000000 08:07 4071614                    /usr/lib/x86_64-linux-gnu/libgnutls.so.26.22.6
7fead2e84000-7fead3084000 ---p 000b6000 08:07 4071614                    /usr/lib/x86_64-linux-gnu/libgnutls.so.26.22.6
7fead3084000-7fead308a000 r--p 000b6000 08:07 4071614                    /usr/lib/x86_64-linux-gnu/libgnutls.so.26.22.6
7fead308a000-7fead308b000 rw-p 000bc000 08:07 4071614                    /usr/lib/x86_64-linux-gnu/libgnutls.so.26.22.6
7fead308b000-7fead308c000 rw-p 00000000 00:00 0 
7fead308c000-7fead30c7000 r-xp 00000000 08:07 4071644                    /usr/lib/x86_64-linux-gnu/libgssapi_krb5.so.2.2
7fead30c7000-7fead32c7000 ---p 0003b000 08:07 4071644                    /usr/lib/x86_64-linux-gnu/libgssapi_krb5.so.2.2
7fead32c7000-7fead32c8000 r--p 0003b000 08:07 4071644                    /usr/lib/x86_64-linux-gnu/libgssapi_krb5.so.2.2
7fead32c8000-7fead32ca000 rw-p 0003c000 08:07 4071644                    /usr/lib/x86_64-linux-gnu/libgssapi_krb5.so.2.2
7fead32ca000-7fead3307000 r-xp 00000000 08:07 2232265                    /lib/x86_64-linux-gnu/libpcre.so.3.13.1
7fead3307000-7fead3507000 ---p 0003d000 08:07 2232265                    /lib/x86_64-linux-gnu/libpcre.so.3.13.1
7fead3507000-7fead3508000 r--p 0003d000 08:07 2232265                    /lib/x86_64-linux-gnu/libpcre.so.3.13.1
7fead3508000-7fead3509000 rw-p 0003e000 08:07 2232265                    /lib/x86_64-linux-gnu/libpcre.so.3.13.1
7fead3509000-7fead3510000 r-xp 00000000 08:07 4071489                    /usr/lib/x86_64-linux-gnu/libffi.so.6.0.1
7fead3510000-7fead370f000 ---p 00007000 08:07 4071489                    /usr/lib/x86_64-linux-gnu/libffi.so.6.0.1
7fead370f000-7fead3710000 r--p 00006000 08:07 4071489                    /usr/lib/x86_64-linux-gnu/libffi.so.6.0.1
7fead3710000-7fead3711000 rw-p 00007000 08:07 4071489                    /usr/lib/x86_64-linux-gnu/libffi.so.6.0.1
7fead3711000-7fead3738000 r-xp 00000000 08:07 2232187                    /lib/x86_64-linux-gnu/libexpat.so.1.6.0
7fead3738000-7fead3938000 ---p 00027000 08:07 2232187                    /lib/x86_64-linux-gnu/libexpat.so.1.6.0
7fead3938000-7fead393a000 r--p 00027000 08:07 2232187                    /lib/x86_64-linux-gnu/libexpat.so.1.6.0
7fead393a000-7fead393b000 rw-p 00029000 08:07 2232187                    /lib/x86_64-linux-gnu/libexpat.so.1.6.0
7fead393b000-7fead39d7000 r-xp 00000000 08:07 4071531                    /usr/lib/x86_64-linux-gnu/libfreetype.so.6.10.1
7fead39d7000-7fead3bd7000 ---p 0009c000 08:07 4071531                    /usr/lib/x86_64-linux-gnu/libfreetype.so.6.10.1
7fead3bd7000-7fead3bdc000 r--p 0009c000 08:07 4071531                    /usr/lib/x86_64-linux-gnu/libfreetype.so.6.10.1
7fead3bdc000-7fead3bdd000 rw-p 000a1000 08:07 4071531                    /usr/lib/x86_64-linux-gnu/libfreetype.so.6.10.1
7fead3bdd000-7fead3be5000 r-xp 00000000 08:07 4072078                    /usr/lib/x86_64-linux-gnu/libthai.so.0.2.0
7fead3be5000-7fead3de4000 ---p 00008000 08:07 4072078                    /usr/lib/x86_64-linux-gnu/libthai.so.0.2.0
7fead3de4000-7fead3de5000 r--p 00007000 08:07 4072078                    /usr/lib/x86_64-linux-gnu/libthai.so.0.2.0
7fead3de5000-7fead3de6000 rw-p 00008000 08:07 4072078                    /usr/lib/x86_64-linux-gnu/libthai.so.0.2.0
7fead3de6000-7fead3dfc000 r-xp 00000000 08:07 2232288                    /lib/x86_64-linux-gnu/libresolv-2.17.so
7fead3dfc000-7fead3ffc000 ---p 00016000 08:07 2232288                    /lib/x86_64-linux-gnu/libresolv-2.17.so
7fead3ffc000-7fead3ffd000 r--p 00016000 08:07 2232288                    /lib/x86_64-linux-gnu/libresolv-2.17.so
7fead3ffd000-7fead3ffe000 rw-p 00017000 08:07 2232288                    /lib/x86_64-linux-gnu/libresolv-2.17.so
7fead3ffe000-7fead4000000 rw-p 00000000 00:00 0 
7fead4000000-7fead4021000 rw-p 00000000 00:00 0 
7fead4021000-7fead8000000 ---p 00000000 00:00 0 
7fead8041000-7fead8060000 r-xp 00000000 08:07 2232292                    /lib/x86_64-linux-gnu/libselinux.so.1
7fead8060000-7fead8260000 ---p 0001f000 08:07 2232292                    /lib/x86_64-linux-gnu/libselinux.so.1
7fead8260000-7fead8261000 r--p 0001f000 08:07 2232292                    /lib/x86_64-linux-gnu/libselinux.so.1
7fead8261000-7fead8262000 rw-p 00020000 08:07 2232292                    /lib/x86_64-linux-gnu/libselinux.so.1
7fead8262000-7fead8263000 rw-p 00000000 00:00 0 
7fead8263000-7fead8265000 r-xp 00000000 08:07 4071250                    /usr/lib/x86_64-linux-gnu/libXdamage.so.1.1.0
7fead8265000-7fead8464000 ---p 00002000 08:07 4071250                    /usr/lib/x86_64-linux-gnu/libXdamage.so.1.1.0
7fead8464000-7fead8465000 r--p 00001000 08:07 4071250                    /usr/lib/x86_64-linux-gnu/libXdamage.so.1.1.0
7fead8465000-7fead8466000 rw-p 00002000 08:07 4071250                    /usr/lib/x86_64-linux-gnu/libXdamage.so.1.1.0
7fead8466000-7fead8468000 r-xp 00000000 08:07 4071246                    /usr/lib/x86_64-linux-gnu/libXcomposite.so.1.0.0
7fead8468000-7fead8667000 ---p 00002000 08:07 4071246                    /usr/lib/x86_64-linux-gnu/libXcomposite.so.1.0.0
7fead8667000-7fead8668000 r--p 00001000 08:07 4071246                    /usr/lib/x86_64-linux-gnu/libXcomposite.so.1.0.0
7fead8668000-7fead8669000 rw-p 00002000 08:07 4071246                    /usr/lib/x86_64-linux-gnu/libXcomposite.so.1.0.0
7fead8669000-7fead8672000 r-xp 00000000 08:07 4071248                    /usr/lib/x86_64-linux-gnu/libXcursor.so.1.0.2
7fead8672000-7fead8871000 ---p 00009000 08:07 4071248                    /usr/lib/x86_64-linux-gnu/libXcursor.so.1.0.2
7fead8871000-7fead8872000 r--p 00008000 08:07 4071248                    /usr/lib/x86_64-linux-gnu/libXcursor.so.1.0.2
7fead8872000-7fead8873000 rw-p 00009000 08:07 4071248                    /usr/lib/x86_64-linux-gnu/libXcursor.so.1.0.2
7fead8873000-7fead887c000 r-xp 00000000 08:07 4071274                    /usr/lib/x86_64-linux-gnu/libXrandr.so.2.2.0
7fead887c000-7fead8a7b000 ---p 00009000 08:07 4071274                    /usr/lib/x86_64-linux-gnu/libXrandr.so.2.2.0
7fead8a7b000-7fead8a7c000 r--p 00008000 08:07 4071274                    /usr/lib/x86_64-linux-gnu/libXrandr.so.2.2.0
7fead8a7c000-7fead8a7d000 rw-p 00009000 08:07 4071274                    /usr/lib/x86_64-linux-gnu/libXrandr.so.2.2.0
7fead8a7d000-7fead8a7f000 r-xp 00000000 08:07 4071264                    /usr/lib/x86_64-linux-gnu/libXinerama.so.1.0.0
7fead8a7f000-7fead8c7e000 ---p 00002000 08:07 4071264                    /usr/lib/x86_64-linux-gnu/libXinerama.so.1.0.0
7fead8c7e000-7fead8c7f000 r--p 00001000 08:07 4071264                    /usr/lib/x86_64-linux-gnu/libXinerama.so.1.0.0
7fead8c7f000-7fead8c80000 rw-p 00002000 08:07 4071264                    /usr/lib/x86_64-linux-gnu/libXinerama.so.1.0.0
7fead8c80000-7fead8c94000 r-xp 00000000 08:07 4071924                    /usr/lib/x86_64-linux-gnu/libpangoft2-1.0.so.0.3200.5
7fead8c94000-7fead8e93000 ---p 00014000 08:07 4071924                    /usr/lib/x86_64-linux-gnu/libpangoft2-1.0.so.0.3200.5
7fead8e93000-7fead8e94000 r--p 00013000 08:07 4071924                    /usr/lib/x86_64-linux-gnu/libpangoft2-1.0.so.0.3200.5
7fead8e94000-7fead8e95000 rw-p 00014000 08:07 4071924                    /usr/lib/x86_64-linux-gnu/libpangoft2-1.0.so.0.3200.5
7fead8e95000-7fead8f99000 r-xp 00000000 08:07 4071361                    /usr/lib/x86_64-linux-gnu/libcairo.so.2.11200.16
7fead8f99000-7fead9198000 ---p 00104000 08:07 4071361                    /usr/lib/x86_64-linux-gnu/libcairo.so.2.11200.16
7fead9198000-7fead919b000 r--p 00103000 08:07 4071361                    /usr/lib/x86_64-linux-gnu/libcairo.so.2.11200.16
7fead919b000-7fead919c000 rw-p 00106000 08:07 4071361                    /usr/lib/x86_64-linux-gnu/libcairo.so.2.11200.16
7fead919c000-7fead919e000 rw-p 00000000 00:00 0 
7fead919e000-7fead91bd000 r-xp 00000000 08:07 4071321                    /usr/lib/x86_64-linux-gnu/libatk-1.0.so.0.21009.1
7fead91bd000-7fead93bd000 ---p 0001f000 08:07 4071321                    /usr/lib/x86_64-linux-gnu/libatk-1.0.so.0.21009.1
7fead93bd000-7fead93bf000 r--p 0001f000 08:07 4071321                    /usr/lib/x86_64-linux-gnu/libatk-1.0.so.0.21009.1
7fead93bf000-7fead93c0000 rw-p 00021000 08:07 4071321                    /usr/lib/x86_64-linux-gnu/libatk-1.0.so.0.21009.1
7fead93c0000-7fead93c5000 r-xp 00000000 08:07 4071256                    /usr/lib/x86_64-linux-gnu/libXfixes.so.3.1.0
7fead93c5000-7fead95c4000 ---p 00005000 08:07 4071256                    /usr/lib/x86_64-linux-gnu/libXfixes.so.3.1.0
7fead95c4000-7fead95c5000 r--p 00004000 08:07 4071256                    /usr/lib/x86_64-linux-gnu/libXfixes.so.3.1.0
7fead95c5000-7fead95c6000 rw-p 00005000 08:07 4071256                    /usr/lib/x86_64-linux-gnu/libXfixes.so.3.1.0
7fead95c6000-7fead95d1000 r-xp 00000000 08:07 4071922                    /usr/lib/x86_64-linux-gnu/libpangocairo-1.0.so.0.3200.5
7fead95d1000-7fead97d1000 ---p 0000b000 08:07 4071922                    /usr/lib/x86_64-linux-gnu/libpangocairo-1.0.so.0.3200.5
7fead97d1000-7fead97d2000 r--p 0000b000 08:07 4071922                    /usr/lib/x86_64-linux-gnu/libpangocairo-1.0.so.0.3200.5
7fead97d2000-7fead97d3000 rw-p 0000c000 08:07 4071922                    /usr/lib/x86_64-linux-gnu/libpangocairo-1.0.so.0.3200.5
7fead97d3000-7fead97d6000 r-xp 00000000 08:07 4067695                    /usr/lib/x86_64-linux-gnu/libgmodule-2.0.so.0.3800.1
7fead97d6000-7fead99d5000 ---p 00003000 08:07 4067695                    /usr/lib/x86_64-linux-gnu/libgmodule-2.0.so.0.3800.1
7fead99d5000-7fead99d6000 r--p 00002000 08:07 4067695                    /usr/lib/x86_64-linux-gnu/libgmodule-2.0.so.0.3800.1
7fead99d6000-7fead99d7000 rw-p 00003000 08:07 4067695                    /usr/lib/x86_64-linux-gnu/libgmodule-2.0.so.0.3800.1
7fead99d7000-7fead99f4000 r-xp 00000000 08:07 4072193                    /usr/lib/x86_64-linux-gnu/libxcb.so.1.1.0
7fead99f4000-7fead9bf3000 ---p 0001d000 08:07 4072193                    /usr/lib/x86_64-linux-gnu/libxcb.so.1.1.0
7fead9bf3000-7fead9bf4000 r--p 0001c000 08:07 4072193                    /usr/lib/x86_64-linux-gnu/libxcb.so.1.1.0
7fead9bf4000-7fead9bf5000 rw-p 0001d000 08:07 4072193                    /usr/lib/x86_64-linux-gnu/libxcb.so.1.1.0
7fead9bf5000-7fead9c61000 r-xp 00000000 08:07 4071416                    /usr/lib/x86_64-linux-gnu/libcups.so.2
7fead9c61000-7fead9e60000 ---p 0006c000 08:07 4071416                    /usr/lib/x86_64-linux-gnu/libcups.so.2
7fead9e60000-7fead9e67000 r--p 0006b000 08:07 4071416                    /usr/lib/x86_64-linux-gnu/libcups.so.2
7fead9e67000-7fead9e68000 rw-p 00072000 08:07 4071416                    /usr/lib/x86_64-linux-gnu/libcups.so.2
7fead9e68000-7fead9f66000 r-xp 00000000 08:07 2232098                    /lib/x86_64-linux-gnu/libglib-2.0.so.0.3800.1
7fead9f66000-7feada166000 ---p 000fe000 08:07 2232098                    /lib/x86_64-linux-gnu/libglib-2.0.so.0.3800.1
7feada166000-7feada167000 r--p 000fe000 08:07 2232098                    /lib/x86_64-linux-gnu/libglib-2.0.so.0.3800.1
7feada167000-7feada168000 rw-p 000ff000 08:07 2232098                    /lib/x86_64-linux-gnu/libglib-2.0.so.0.3800.1
7feada168000-7feada169000 rw-p 00000000 00:00 0 
7feada169000-7feada16a000 r-xp 00000000 08:07 4067694                    /usr/lib/x86_64-linux-gnu/libgthread-2.0.so.0.3800.1
7feada16a000-7feada369000 ---p 00001000 08:07 4067694                    /usr/lib/x86_64-linux-gnu/libgthread-2.0.so.0.3800.1
7feada369000-7feada36a000 r--p 00000000 08:07 4067694                    /usr/lib/x86_64-linux-gnu/libgthread-2.0.so.0.3800.1
7feada36a000-7feada36b000 rw-p 00001000 08:07 4067694                    /usr/lib/x86_64-linux-gnu/libgthread-2.0.so.0.3800.1
7feada36b000-7feada3ba000 r-xp 00000000 08:07 4063636                    /usr/lib/x86_64-linux-gnu/libgobject-2.0.so.0.3800.1
7feada3ba000-7feada5ba000 ---p 0004f000 08:07 4063636                    /usr/lib/x86_64-linux-gnu/libgobject-2.0.so.0.3800.1
7feada5ba000-7feada5bb000 r--p 0004f000 08:07 4063636                    /usr/lib/x86_64-linux-gnu/libgobject-2.0.so.0.3800.1
7feada5bb000-7feada5bc000 rw-p 00050000 08:07 4063636                    /usr/lib/x86_64-linux-gnu/libgobject-2.0.so.0.3800.1
7feada5bc000-7feada5f5000 r-xp 00000000 08:07 4071503                    /usr/lib/x86_64-linux-gnu/libfontconfig.so.1.7.0
7feada5f5000-7feada7f5000 ---p 00039000 08:07 4071503                    /usr/lib/x86_64-linux-gnu/libfontconfig.so.1.7.0
7feada7f5000-7feada7f7000 r--p 00039000 08:07 4071503                    /usr/lib/x86_64-linux-gnu/libfontconfig.so.1.7.0
7feada7f7000-7feada7f8000 rw-p 0003b000 08:07 4071503                    /usr/lib/x86_64-linux-gnu/libfontconfig.so.1.7.0
7feada7f8000-7feada842000 r-xp 00000000 08:07 4071920                    /usr/lib/x86_64-linux-gnu/libpango-1.0.so.0.3200.5
7feada842000-7feadaa41000 ---p 0004a000 08:07 4071920                    /usr/lib/x86_64-linux-gnu/libpango-1.0.so.0.3200.5
7feadaa41000-7feadaa43000 r--p 00049000 08:07 4071920                    /usr/lib/x86_64-linux-gnu/libpango-1.0.so.0.3200.5
7feadaa43000-7feadaa44000 rw-p 0004b000 08:07 4071920                    /usr/lib/x86_64-linux-gnu/libpango-1.0.so.0.3200.5
7feadaa44000-7feadaa63000 r-xp 00000000 08:07 4071570                    /usr/lib/x86_64-linux-gnu/libgdk_pixbuf-2.0.so.0.2800.1
7feadaa63000-7feadac62000 ---p 0001f000 08:07 4071570                    /usr/lib/x86_64-linux-gnu/libgdk_pixbuf-2.0.so.0.2800.1
7feadac62000-7feadac63000 r--p 0001e000 08:07 4071570                    /usr/lib/x86_64-linux-gnu/libgdk_pixbuf-2.0.so.0.2800.1
7feadac63000-7feadac64000 rw-p 0001f000 08:07 4071570                    /usr/lib/x86_64-linux-gnu/libgdk_pixbuf-2.0.so.0.2800.1
7feadac64000-7feadadc0000 r-xp 00000000 08:07 4063617                    /usr/lib/x86_64-linux-gnu/libgio-2.0.so.0.3800.1
7feadadc0000-7feadafbf000 ---p 0015c000 08:07 4063617                    /usr/lib/x86_64-linux-gnu/libgio-2.0.so.0.3800.1
7feadafbf000-7feadafc3000 r--p 0015b000 08:07 4063617                    /usr/lib/x86_64-linux-gnu/libgio-2.0.so.0.3800.1
7feadafc3000-7feadafc5000 rw-p 0015f000 08:07 4063617                    /usr/lib/x86_64-linux-gnu/libgio-2.0.so.0.3800.1
7feadafc5000-7feadafc7000 rw-p 00000000 00:00 0 
7feadafc7000-7feadb074000 r-xp 00000000 08:07 4071568                    /usr/lib/x86_64-linux-gnu/libgdk-x11-2.0.so.0.2400.20
7feadb074000-7feadb273000 ---p 000ad000 08:07 4071568                    /usr/lib/x86_64-linux-gnu/libgdk-x11-2.0.so.0.2400.20
7feadb273000-7feadb277000 r--p 000ac000 08:07 4071568                    /usr/lib/x86_64-linux-gnu/libgdk-x11-2.0.so.0.2400.20
7feadb277000-7feadb279000 rw-p 000b0000 08:07 4071568                    /usr/lib/x86_64-linux-gnu/libgdk-x11-2.0.so.0.2400.20
7feadb279000-7feadb6a8000 r-xp 00000000 08:07 4071728                    /usr/lib/x86_64-linux-gnu/libgtk-x11-2.0.so.0.2400.20
7feadb6a8000-7feadb8a7000 ---p 0042f000 08:07 4071728                    /usr/lib/x86_64-linux-gnu/libgtk-x11-2.0.so.0.2400.20
7feadb8a7000-7feadb8ae000 r--p 0042e000 08:07 4071728                    /usr/lib/x86_64-linux-gnu/libgtk-x11-2.0.so.0.2400.20
7feadb8ae000-7feadb8b2000 rw-p 00435000 08:07 4071728                    /usr/lib/x86_64-linux-gnu/libgtk-x11-2.0.so.0.2400.20
7feadb8b2000-7feadb8b5000 rw-p 00000000 00:00 0 
7feadb8b5000-7feadb8c4000 r-xp 00000000 08:07 4071262                    /usr/lib/x86_64-linux-gnu/libXi.so.6.1.0
7feadb8c4000-7feadbac3000 ---p 0000f000 08:07 4071262                    /usr/lib/x86_64-linux-gnu/libXi.so.6.1.0
7feadbac3000-7feadbac4000 r--p 0000e000 08:07 4071262                    /usr/lib/x86_64-linux-gnu/libXi.so.6.1.0
7feadbac4000-7feadbac5000 rw-p 0000f000 08:07 4071262                    /usr/lib/x86_64-linux-gnu/libXi.so.6.1.0
7feadbac5000-7feadbaca000 r-xp 00000000 08:07 4071280                    /usr/lib/x86_64-linux-gnu/libXtst.so.6.1.0
7feadbaca000-7feadbcc9000 ---p 00005000 08:07 4071280                    /usr/lib/x86_64-linux-gnu/libXtst.so.6.1.0
7feadbcc9000-7feadbcca000 r--p 00004000 08:07 4071280                    /usr/lib/x86_64-linux-gnu/libXtst.so.6.1.0
7feadbcca000-7feadbccb000 rw-p 00005000 08:07 4071280                    /usr/lib/x86_64-linux-gnu/libXtst.so.6.1.0
7feadbccb000-7feadbdfb000 r-xp 00000000 08:07 4071237                    /usr/lib/x86_64-linux-gnu/libX11.so.6.3.0
7feadbdfb000-7feadbffb000 ---p 00130000 08:07 4071237                    /usr/lib/x86_64-linux-gnu/libX11.so.6.3.0
7feadbffb000-7feadbffc000 r--p 00130000 08:07 4071237                    /usr/lib/x86_64-linux-gnu/libX11.so.6.3.0
7feadbffc000-7feadc000000 rw-p 00131000 08:07 4071237                    /usr/lib/x86_64-linux-gnu/libX11.so.6.3.0
7feadc000000-7feadc021000 rw-p 00000000 00:00 0 
7feadc021000-7feae0000000 ---p 00000000 00:00 0 
7feae0013000-7feae0018000 r--s 0004c000 08:07 4334253                    /usr/lib/jvm/java-7-openjdk-common/jre/lib/jsse.jar
7feae0018000-7feae0049000 rw-p 00000000 00:00 0 
7feae0049000-7feae005c000 r--s 001c3000 08:06 17171054                   /home/sostenes/Desktop/blink/lib/itextpdf-5.4.2.jar
7feae005c000-7feae0061000 r--s 00309000 08:06 17171060                   /home/sostenes/Desktop/blink/lib/sqlite-jdbc-3.7.2.jar
7feae0061000-7feae0074000 r--s 000cc000 08:06 17171058                   /home/sostenes/Desktop/blink/lib/jung-1.7.4.jar
7feae0074000-7feae007f000 r--s 0005d000 08:06 17171057                   /home/sostenes/Desktop/blink/lib/jscience.jar
7feae007f000-7feae008d000 r--s 000b9000 08:06 17171056                   /home/sostenes/Desktop/blink/lib/jgraph.jar
7feae008d000-7feae0098000 r--s 0029e000 08:06 17171055                   /home/sostenes/Desktop/blink/lib/j3dcore.jar
7feae0098000-7feae00ba000 r--s 0020a000 08:06 17171053                   /home/sostenes/Desktop/blink/lib/derby.jar
7feae00ba000-7feae00c3000 r-xp 00000000 08:07 4071276                    /usr/lib/x86_64-linux-gnu/libXrender.so.1.3.0
7feae00c3000-7feae02c2000 ---p 00009000 08:07 4071276                    /usr/lib/x86_64-linux-gnu/libXrender.so.1.3.0
7feae02c2000-7feae02c3000 r--p 00008000 08:07 4071276                    /usr/lib/x86_64-linux-gnu/libXrender.so.1.3.0
7feae02c3000-7feae02c4000 rw-p 00009000 08:07 4071276                    /usr/lib/x86_64-linux-gnu/libXrender.so.1.3.0
7feae02c4000-7feae02d5000 r-xp 00000000 08:07 4071254                    /usr/lib/x86_64-linux-gnu/libXext.so.6.4.0
7feae02d5000-7feae04d4000 ---p 00011000 08:07 4071254                    /usr/lib/x86_64-linux-gnu/libXext.so.6.4.0
7feae04d4000-7feae04d5000 r--p 00010000 08:07 4071254                    /usr/lib/x86_64-linux-gnu/libXext.so.6.4.0
7feae04d5000-7feae04d6000 rw-p 00011000 08:07 4071254                    /usr/lib/x86_64-linux-gnu/libXext.so.6.4.0
7feae04d8000-7feae04d9000 rw-p 00000000 00:00 0 
7feae04d9000-7feae04db000 r--s 0004b000 08:06 17171061                   /home/sostenes/Desktop/blink/lib/vecmath.jar
7feae04db000-7feae04de000 r--s 00017000 08:06 17171059                   /home/sostenes/Desktop/blink/lib/junit-4.0.jar
7feae04de000-7feae04e5000 r--s 00030000 08:06 17171052                   /home/sostenes/Desktop/blink/lib/concurrent.jar
7feae04e5000-7feae04f2000 r--s 0007c000 08:06 17171050                   /home/sostenes/Desktop/blink/lib/commons-collections-3.1.jar
7feae04f2000-7feae0543000 r-xp 00000000 08:07 4989545                    /usr/lib/jvm/java-7-openjdk-amd64/jre/lib/amd64/xawt/libmawt.so
7feae0543000-7feae0742000 ---p 00051000 08:07 4989545                    /usr/lib/jvm/java-7-openjdk-amd64/jre/lib/amd64/xawt/libmawt.so
7feae0742000-7feae0743000 r--p 00050000 08:07 4989545                    /usr/lib/jvm/java-7-openjdk-amd64/jre/lib/amd64/xawt/libmawt.so
7feae0743000-7feae0746000 rw-p 00051000 08:07 4989545                    /usr/lib/jvm/java-7-openjdk-amd64/jre/lib/amd64/xawt/libmawt.so
7feae0746000-7feae0747000 rw-p 00000000 00:00 0 
7feae0747000-7feae07e8000 r-xp 00000000 08:07 4989391                    /usr/lib/jvm/java-7-openjdk-amd64/jre/lib/amd64/libawt.so
7feae07e8000-7feae09e7000 ---p 000a1000 08:07 4989391                    /usr/lib/jvm/java-7-openjdk-amd64/jre/lib/amd64/libawt.so
7feae09e7000-7feae09e8000 r--p 000a0000 08:07 4989391                    /usr/lib/jvm/java-7-openjdk-amd64/jre/lib/amd64/libawt.so
7feae09e8000-7feae09f3000 rw-p 000a1000 08:07 4989391                    /usr/lib/jvm/java-7-openjdk-amd64/jre/lib/amd64/libawt.so
7feae09f3000-7feae0a18000 rw-p 00000000 00:00 0 
7feae0a18000-7feae0a19000 ---p 00000000 00:00 0 
7feae0a19000-7feae0b19000 rw-p 00000000 00:00 0                          [stack:32113]
7feae0b19000-7feae0b1c000 ---p 00000000 00:00 0 
7feae0b1c000-7feae0c1a000 rw-p 00000000 00:00 0                          [stack:32112]
7feae0c1a000-7feae0c1d000 ---p 00000000 00:00 0 
7feae0c1d000-7feae0d1b000 rw-p 00000000 00:00 0                          [stack:32111]
7feae0d1b000-7feae0d1e000 ---p 00000000 00:00 0 
7feae0d1e000-7feae0e1c000 rw-p 00000000 00:00 0                          [stack:32110]
7feae0e1c000-7feae0e1f000 ---p 00000000 00:00 0 
7feae0e1f000-7feae0f1d000 rw-p 00000000 00:00 0                          [stack:32105]
7feae0f1d000-7feae0f20000 ---p 00000000 00:00 0 
7feae0f20000-7feae101e000 rw-p 00000000 00:00 0                          [stack:32104]
7feae101e000-7feae1021000 ---p 00000000 00:00 0 
7feae1021000-7feae111f000 rw-p 00000000 00:00 0                          [stack:32102]
7feae111f000-7feae1123000 r-xp 00000000 08:07 4989404                    /usr/lib/jvm/java-7-openjdk-amd64/jre/lib/amd64/libdt_socket.so
7feae1123000-7feae1322000 ---p 00004000 08:07 4989404                    /usr/lib/jvm/java-7-openjdk-amd64/jre/lib/amd64/libdt_socket.so
7feae1322000-7feae1323000 r--p 00003000 08:07 4989404                    /usr/lib/jvm/java-7-openjdk-amd64/jre/lib/amd64/libdt_socket.so
7feae1323000-7feae1324000 rw-p 00004000 08:07 4989404                    /usr/lib/jvm/java-7-openjdk-amd64/jre/lib/amd64/libdt_socket.so
7feae1324000-7feae1327000 ---p 00000000 00:00 0 
7feae1327000-7feae1425000 rw-p 00000000 00:00 0                          [stack:32100]
7feae1425000-7feae1428000 ---p 00000000 00:00 0 
7feae1428000-7feae1526000 rw-p 00000000 00:00 0                          [stack:32099]
7feae1526000-7feae1529000 ---p 00000000 00:00 0 
7feae1529000-7feae1627000 rw-p 00000000 00:00 0                          [stack:32098]
7feae1627000-7feae1628000 ---p 00000000 00:00 0 
7feae1628000-7feae33d8000 rw-p 00000000 00:00 0                          [stack:32097]
7feae33d8000-7feae3585000 r--s 01cec000 08:07 4989361                    /usr/lib/jvm/java-7-openjdk-amd64/jre/lib/rt.jar
7feae3585000-7feae362d000 rw-p 00000000 00:00 0 
7feae362d000-7feae3ffb000 rw-p 00000000 00:00 0 
7feae3ffb000-7feae4006000 rw-p 00000000 00:00 0 
7feae4006000-7feae404e000 rw-p 00000000 00:00 0 
7feae404e000-7feae40f6000 rw-p 00000000 00:00 0 
7feae40f6000-7feae4ac4000 rw-p 00000000 00:00 0 
7feae4ac4000-7feae4b18000 rw-p 00000000 00:00 0 
7feae4b18000-7feae4fff000 rw-p 00000000 00:00 0 
7feae4fff000-7feae5000000 rw-p 00000000 00:00 0 
7feae5000000-7feae5270000 rwxp 00000000 00:00 0 
7feae5270000-7feae85e5000 rw-p 00000000 00:00 0 
7feae85e5000-7feaec000000 ---p 00000000 00:00 0 
7feaec000000-7feaec028000 rw-p 00000000 00:00 0 
7feaec028000-7feaec029000 ---p 00000000 00:00 0 
7feaec029000-7feaec129000 rw-p 00000000 00:00 0                          [stack:32096]
7feaec129000-7feaec12a000 ---p 00000000 00:00 0 
7feaec12a000-7feaec22a000 rw-p 00000000 00:00 0                          [stack:32095]
7feaec22a000-7feaec22b000 ---p 00000000 00:00 0 
7feaec22b000-7feaec32b000 rw-p 00000000 00:00 0                          [stack:32094]
7feaec32b000-7feaec32c000 ---p 00000000 00:00 0 
7feaec32c000-7feaec42c000 rw-p 00000000 00:00 0                          [stack:32093]
7feaec42c000-7feaec42d000 ---p 00000000 00:00 0 
7feaec42d000-7feaec52d000 rw-p 00000000 00:00 0                          [stack:32092]
7feaec52d000-7feaec52e000 ---p 00000000 00:00 0 
7feaec52e000-7feaec62e000 rw-p 00000000 00:00 0                          [stack:32091]
7feaec62e000-7feaec62f000 ---p 00000000 00:00 0 
7feaec62f000-7feaec72f000 rw-p 00000000 00:00 0                          [stack:32090]
7feaec72f000-7feaec730000 ---p 00000000 00:00 0 
7feaec730000-7feaec83b000 rw-p 00000000 00:00 0                          [stack:32089]
7feaec83b000-7feaec883000 rw-p 00000000 00:00 0 
7feaec883000-7feaec88b000 r-xp 00000000 08:07 4989406                    /usr/lib/jvm/java-7-openjdk-amd64/jre/lib/amd64/libzip.so
7feaec88b000-7feaeca8a000 ---p 00008000 08:07 4989406                    /usr/lib/jvm/java-7-openjdk-amd64/jre/lib/amd64/libzip.so
7feaeca8a000-7feaeca8b000 r--p 00007000 08:07 4989406                    /usr/lib/jvm/java-7-openjdk-amd64/jre/lib/amd64/libzip.so
7feaeca8b000-7feaeca8c000 rw-p 00008000 08:07 4989406                    /usr/lib/jvm/java-7-openjdk-amd64/jre/lib/amd64/libzip.so
7feaeca8c000-7feaeca98000 r-xp 00000000 08:07 2232243                    /lib/x86_64-linux-gnu/libnss_files-2.17.so
7feaeca98000-7feaecc97000 ---p 0000c000 08:07 2232243                    /lib/x86_64-linux-gnu/libnss_files-2.17.so
7feaecc97000-7feaecc98000 r--p 0000b000 08:07 2232243                    /lib/x86_64-linux-gnu/libnss_files-2.17.so
7feaecc98000-7feaecc99000 rw-p 0000c000 08:07 2232243                    /lib/x86_64-linux-gnu/libnss_files-2.17.so
7feaecc99000-7feaecca4000 r-xp 00000000 08:07 2232247                    /lib/x86_64-linux-gnu/libnss_nis-2.17.so
7feaecca4000-7feaecea3000 ---p 0000b000 08:07 2232247                    /lib/x86_64-linux-gnu/libnss_nis-2.17.so
7feaecea3000-7feaecea4000 r--p 0000a000 08:07 2232247                    /lib/x86_64-linux-gnu/libnss_nis-2.17.so
7feaecea4000-7feaecea5000 rw-p 0000b000 08:07 2232247                    /lib/x86_64-linux-gnu/libnss_nis-2.17.so
7feaecea5000-7feaecebc000 r-xp 00000000 08:07 2232237                    /lib/x86_64-linux-gnu/libnsl-2.17.so
7feaecebc000-7feaed0bb000 ---p 00017000 08:07 2232237                    /lib/x86_64-linux-gnu/libnsl-2.17.so
7feaed0bb000-7feaed0bc000 r--p 00016000 08:07 2232237                    /lib/x86_64-linux-gnu/libnsl-2.17.so
7feaed0bc000-7feaed0bd000 rw-p 00017000 08:07 2232237                    /lib/x86_64-linux-gnu/libnsl-2.17.so
7feaed0bd000-7feaed0bf000 rw-p 00000000 00:00 0 
7feaed0bf000-7feaed0c7000 r-xp 00000000 08:07 2232239                    /lib/x86_64-linux-gnu/libnss_compat-2.17.so
7feaed0c7000-7feaed2c6000 ---p 00008000 08:07 2232239                    /lib/x86_64-linux-gnu/libnss_compat-2.17.so
7feaed2c6000-7feaed2c7000 r--p 00007000 08:07 2232239                    /lib/x86_64-linux-gnu/libnss_compat-2.17.so
7feaed2c7000-7feaed2c8000 rw-p 00008000 08:07 2232239                    /lib/x86_64-linux-gnu/libnss_compat-2.17.so
7feaed2c8000-7feaed9ab000 r--p 00000000 08:07 4070217                    /usr/lib/locale/locale-archive
7feaed9ab000-7feaed9ae000 r-xp 00000000 08:07 4989370                    /usr/lib/jvm/java-7-openjdk-amd64/jre/lib/amd64/libnpt.so
7feaed9ae000-7feaedbad000 ---p 00003000 08:07 4989370                    /usr/lib/jvm/java-7-openjdk-amd64/jre/lib/amd64/libnpt.so
7feaedbad000-7feaedbae000 r--p 00002000 08:07 4989370                    /usr/lib/jvm/java-7-openjdk-amd64/jre/lib/amd64/libnpt.so
7feaedbae000-7feaedbaf000 rw-p 00003000 08:07 4989370                    /usr/lib/jvm/java-7-openjdk-amd64/jre/lib/amd64/libnpt.so
7feaedbaf000-7feaedbe9000 r-xp 00000000 08:07 4989376                    /usr/lib/jvm/java-7-openjdk-amd64/jre/lib/amd64/libjdwp.so
7feaedbe9000-7feaedde8000 ---p 0003a000 08:07 4989376                    /usr/lib/jvm/java-7-openjdk-amd64/jre/lib/amd64/libjdwp.so
7feaedde8000-7feaedde9000 r--p 00039000 08:07 4989376                    /usr/lib/jvm/java-7-openjdk-amd64/jre/lib/amd64/libjdwp.so
7feaedde9000-7feaeddea000 rw-p 0003a000 08:07 4989376                    /usr/lib/jvm/java-7-openjdk-amd64/jre/lib/amd64/libjdwp.so
7feaeddea000-7feaede15000 r-xp 00000000 08:07 4989390                    /usr/lib/jvm/java-7-openjdk-amd64/jre/lib/amd64/libjava.so
7feaede15000-7feaee014000 ---p 0002b000 08:07 4989390                    /usr/lib/jvm/java-7-openjdk-amd64/jre/lib/amd64/libjava.so
7feaee014000-7feaee015000 r--p 0002a000 08:07 4989390                    /usr/lib/jvm/java-7-openjdk-amd64/jre/lib/amd64/libjava.so
7feaee015000-7feaee017000 rw-p 0002b000 08:07 4989390                    /usr/lib/jvm/java-7-openjdk-amd64/jre/lib/amd64/libjava.so
7feaee017000-7feaee027000 r-xp 00000000 08:07 4989389                    /usr/lib/jvm/java-7-openjdk-amd64/jre/lib/amd64/libverify.so
7feaee027000-7feaee226000 ---p 00010000 08:07 4989389                    /usr/lib/jvm/java-7-openjdk-amd64/jre/lib/amd64/libverify.so
7feaee226000-7feaee228000 r--p 0000f000 08:07 4989389                    /usr/lib/jvm/java-7-openjdk-amd64/jre/lib/amd64/libverify.so
7feaee228000-7feaee229000 rw-p 00011000 08:07 4989389                    /usr/lib/jvm/java-7-openjdk-amd64/jre/lib/amd64/libverify.so
7feaee229000-7feaee230000 r-xp 00000000 08:07 2232290                    /lib/x86_64-linux-gnu/librt-2.17.so
7feaee230000-7feaee42f000 ---p 00007000 08:07 2232290                    /lib/x86_64-linux-gnu/librt-2.17.so
7feaee42f000-7feaee430000 r--p 00006000 08:07 2232290                    /lib/x86_64-linux-gnu/librt-2.17.so
7feaee430000-7feaee431000 rw-p 00007000 08:07 2232290                    /lib/x86_64-linux-gnu/librt-2.17.so
7feaee431000-7feaee446000 r-xp 00000000 08:07 2232192                    /lib/x86_64-linux-gnu/libgcc_s.so.1
7feaee446000-7feaee645000 ---p 00015000 08:07 2232192                    /lib/x86_64-linux-gnu/libgcc_s.so.1
7feaee645000-7feaee646000 r--p 00014000 08:07 2232192                    /lib/x86_64-linux-gnu/libgcc_s.so.1
7feaee646000-7feaee647000 rw-p 00015000 08:07 2232192                    /lib/x86_64-linux-gnu/libgcc_s.so.1
7feaee647000-7feaee74a000 r-xp 00000000 08:07 2232218                    /lib/x86_64-linux-gnu/libm-2.17.so
7feaee74a000-7feaee949000 ---p 00103000 08:07 2232218                    /lib/x86_64-linux-gnu/libm-2.17.so
7feaee949000-7feaee94a000 r--p 00102000 08:07 2232218                    /lib/x86_64-linux-gnu/libm-2.17.so
7feaee94a000-7feaee94b000 rw-p 00103000 08:07 2232218                    /lib/x86_64-linux-gnu/libm-2.17.so
7feaee94b000-7feaeea31000 r-xp 00000000 08:07 4072058                    /usr/lib/x86_64-linux-gnu/libstdc++.so.6.0.18
7feaeea31000-7feaeec30000 ---p 000e6000 08:07 4072058                    /usr/lib/x86_64-linux-gnu/libstdc++.so.6.0.18
7feaeec30000-7feaeec38000 r--p 000e5000 08:07 4072058                    /usr/lib/x86_64-linux-gnu/libstdc++.so.6.0.18
7feaeec38000-7feaeec3a000 rw-p 000ed000 08:07 4072058                    /usr/lib/x86_64-linux-gnu/libstdc++.so.6.0.18
7feaeec3a000-7feaeec4f000 rw-p 00000000 00:00 0 
7feaeec4f000-7feaef65d000 r-xp 00000000 08:07 4989395                    /usr/lib/jvm/java-7-openjdk-amd64/jre/lib/amd64/server/libjvm.so
7feaef65d000-7feaef85c000 ---p 00a0e000 08:07 4989395                    /usr/lib/jvm/java-7-openjdk-amd64/jre/lib/amd64/server/libjvm.so
7feaef85c000-7feaef8d5000 r--p 00a0d000 08:07 4989395                    /usr/lib/jvm/java-7-openjdk-amd64/jre/lib/amd64/server/libjvm.so
7feaef8d5000-7feaef8f8000 rw-p 00a86000 08:07 4989395                    /usr/lib/jvm/java-7-openjdk-amd64/jre/lib/amd64/server/libjvm.so
7feaef8f8000-7feaef923000 rw-p 00000000 00:00 0 
7feaef923000-7feaef93b000 r-xp 00000000 08:07 2232325                    /lib/x86_64-linux-gnu/libz.so.1.2.8
7feaef93b000-7feaefb3a000 ---p 00018000 08:07 2232325                    /lib/x86_64-linux-gnu/libz.so.1.2.8
7feaefb3a000-7feaefb3b000 r--p 00017000 08:07 2232325                    /lib/x86_64-linux-gnu/libz.so.1.2.8
7feaefb3b000-7feaefb3c000 rw-p 00018000 08:07 2232325                    /lib/x86_64-linux-gnu/libz.so.1.2.8
7feaefb3c000-7feaefb53000 r-xp 00000000 08:07 2232282                    /lib/x86_64-linux-gnu/libpthread-2.17.so
7feaefb53000-7feaefd53000 ---p 00017000 08:07 2232282                    /lib/x86_64-linux-gnu/libpthread-2.17.so
7feaefd53000-7feaefd54000 r--p 00017000 08:07 2232282                    /lib/x86_64-linux-gnu/libpthread-2.17.so
7feaefd54000-7feaefd55000 rw-p 00018000 08:07 2232282                    /lib/x86_64-linux-gnu/libpthread-2.17.so
7feaefd55000-7feaefd59000 rw-p 00000000 00:00 0 
7feaefd59000-7feaefd5c000 r-xp 00000000 08:07 2232182                    /lib/x86_64-linux-gnu/libdl-2.17.so
7feaefd5c000-7feaeff5b000 ---p 00003000 08:07 2232182                    /lib/x86_64-linux-gnu/libdl-2.17.so
7feaeff5b000-7feaeff5c000 r--p 00002000 08:07 2232182                    /lib/x86_64-linux-gnu/libdl-2.17.so
7feaeff5c000-7feaeff5d000 rw-p 00003000 08:07 2232182                    /lib/x86_64-linux-gnu/libdl-2.17.so
7feaeff5d000-7feaf011a000 r-xp 00000000 08:07 2232167                    /lib/x86_64-linux-gnu/libc-2.17.so
7feaf011a000-7feaf031a000 ---p 001bd000 08:07 2232167                    /lib/x86_64-linux-gnu/libc-2.17.so
7feaf031a000-7feaf031e000 r--p 001bd000 08:07 2232167                    /lib/x86_64-linux-gnu/libc-2.17.so
7feaf031e000-7feaf0320000 rw-p 001c1000 08:07 2232167                    /lib/x86_64-linux-gnu/libc-2.17.so
7feaf0320000-7feaf0325000 rw-p 00000000 00:00 0 
7feaf0325000-7feaf0332000 r-xp 00000000 08:07 4989372                    /usr/lib/jvm/java-7-openjdk-amd64/jre/lib/amd64/jli/libjli.so
7feaf0332000-7feaf0531000 ---p 0000d000 08:07 4989372                    /usr/lib/jvm/java-7-openjdk-amd64/jre/lib/amd64/jli/libjli.so
7feaf0531000-7feaf0532000 r--p 0000c000 08:07 4989372                    /usr/lib/jvm/java-7-openjdk-amd64/jre/lib/amd64/jli/libjli.so
7feaf0532000-7feaf0533000 rw-p 0000d000 08:07 4989372                    /usr/lib/jvm/java-7-openjdk-amd64/jre/lib/amd64/jli/libjli.so
7feaf0533000-7feaf0556000 r-xp 00000000 08:07 2232143                    /lib/x86_64-linux-gnu/ld-2.17.so
7feaf0556000-7feaf0557000 rw-p 00000000 00:00 0 
7feaf0557000-7feaf055a000 r--s 00017000 08:06 17171051                   /home/sostenes/Desktop/blink/lib/commons-collections-testframework-3.1.jar
7feaf055a000-7feaf0568000 r--s 00081000 08:06 17171049                   /home/sostenes/Desktop/blink/lib/colt.jar
7feaf0568000-7feaf0571000 r--s 000bc000 08:07 4334242                    /usr/lib/jvm/java-7-openjdk-common/jre/lib/resources.jar
7feaf0571000-7feaf057b000 rw-p 00000000 00:00 0 
7feaf057b000-7feaf0631000 rw-p 00000000 00:00 0 
7feaf0631000-7feaf0634000 ---p 00000000 00:00 0 
7feaf0634000-7feaf0737000 rw-p 00000000 00:00 0                          [stack:32085]
7feaf0737000-7feaf073a000 r--s 0000f000 08:07 4334235                    /usr/lib/jvm/java-7-openjdk-common/jre/lib/ext/pulse-java.jar
7feaf073a000-7feaf073c000 r--s 00006000 08:07 4470041                    /usr/share/java/java-atk-wrapper.jar
7feaf073c000-7feaf0740000 r--s 00085000 08:07 4334238                    /usr/lib/jvm/java-7-openjdk-common/jre/lib/ext/localedata.jar
7feaf0740000-7feaf0741000 r--s 00002000 08:07 4334240                    /usr/lib/jvm/java-7-openjdk-common/jre/lib/ext/dnsns.jar
7feaf0741000-7feaf0744000 r--s 00032000 08:07 4334237                    /usr/lib/jvm/java-7-openjdk-common/jre/lib/ext/sunjce_provider.jar
7feaf0744000-7feaf0746000 r--s 00012000 08:07 4334236                    /usr/lib/jvm/java-7-openjdk-common/jre/lib/ext/zipfs.jar
7feaf0746000-7feaf0749000 r--s 0003c000 08:07 4334239                    /usr/lib/jvm/java-7-openjdk-common/jre/lib/ext/sunpkcs11.jar
7feaf0749000-7feaf0751000 rw-s 00000000 08:07 3932194                    /tmp/hsperfdata_sostenes/32082
7feaf0751000-7feaf0752000 rw-p 00000000 00:00 0 
7feaf0752000-7feaf0753000 r--p 00000000 00:00 0 
7feaf0753000-7feaf0755000 rw-p 00000000 00:00 0 
7feaf0755000-7feaf0756000 r--p 00022000 08:07 2232143                    /lib/x86_64-linux-gnu/ld-2.17.so
7feaf0756000-7feaf0758000 rw-p 00023000 08:07 2232143                    /lib/x86_64-linux-gnu/ld-2.17.so
7ffff8307000-7ffff8328000 rw-p 00000000 00:00 0                          [stack]
7ffff837a000-7ffff837c000 r-xp 00000000 00:00 0                          [vdso]
ffffffffff600000-ffffffffff601000 r-xp 00000000 00:00 0                  [vsyscall]

VM Arguments:
jvm_args: -agentlib:jdwp=transport=dt_socket,suspend=y,address=localhost:47483 -Dfile.encoding=UTF-8 
java_command: blink.cli.CommandLineInterface
Launcher Type: SUN_STANDARD

Environment Variables:
PATH=/usr/lib/lightdm/lightdm:/usr/local/sbin:/usr/local/bin:/usr/sbin:/usr/bin:/sbin:/bin:/usr/games:/usr/local/games
SHELL=/bin/bash
DISPLAY=:0.0

Signal Handlers:
SIGSEGV: [libjvm.so+0x871410], sa_mask[0]=0x7ffbfeff, sa_flags=0x10000004
SIGBUS: [libjvm.so+0x871410], sa_mask[0]=0x7ffbfeff, sa_flags=0x10000004
SIGFPE: [libjvm.so+0x709540], sa_mask[0]=0x7ffbfeff, sa_flags=0x10000004
SIGPIPE: [libjvm.so+0x709540], sa_mask[0]=0x7ffbfeff, sa_flags=0x10000004
SIGXFSZ: [libjvm.so+0x709540], sa_mask[0]=0x7ffbfeff, sa_flags=0x10000004
SIGILL: [libjvm.so+0x709540], sa_mask[0]=0x7ffbfeff, sa_flags=0x10000004
SIGUSR1: SIG_DFL, sa_mask[0]=0x00000000, sa_flags=0x00000000
SIGUSR2: [libjvm.so+0x709270], sa_mask[0]=0x00000004, sa_flags=0x10000004
SIGHUP: [libjvm.so+0x709550], sa_mask[0]=0x7ffbfeff, sa_flags=0x10000004
SIGINT: [libjvm.so+0x709550], sa_mask[0]=0x7ffbfeff, sa_flags=0x10000004
SIGTERM: [libjvm.so+0x709550], sa_mask[0]=0x7ffbfeff, sa_flags=0x10000004
SIGQUIT: [libjvm.so+0x709550], sa_mask[0]=0x7ffbfeff, sa_flags=0x10000004


---------------  S Y S T E M  ---------------

OS:Ubuntu 13.10 (saucy)
uname:Linux 3.11.0-12-generic #19-Ubuntu SMP Wed Oct 9 16:20:46 UTC 2013 x86_64
libc:glibc 2.17 NPTL 2.17 
rlimit: STACK 8192k, CORE 0k, NPROC 256906, NOFILE 4096, AS infinity
load average:0,34 0,18 0,15

/proc/meminfo:
MemTotal:       32904180 kB
MemFree:        18122828 kB
Buffers:          385312 kB
Cached:         10819660 kB
SwapCached:            0 kB
Active:          4427300 kB
Inactive:        9819828 kB
Active(anon):    2499776 kB
Inactive(anon):   569980 kB
Active(file):    1927524 kB
Inactive(file):  9249848 kB
Unevictable:          32 kB
Mlocked:              32 kB
SwapTotal:      34179068 kB
SwapFree:       34179068 kB
Dirty:                68 kB
Writeback:             0 kB
AnonPages:       3042856 kB
Mapped:           225256 kB
Shmem:             27464 kB
Slab:             254456 kB
SReclaimable:     210144 kB
SUnreclaim:        44312 kB
KernelStack:        5768 kB
PageTables:        42688 kB
NFS_Unstable:          0 kB
Bounce:                0 kB
WritebackTmp:          0 kB
CommitLimit:    50631156 kB
Committed_AS:    8610712 kB
VmallocTotal:   34359738367 kB
VmallocUsed:      191828 kB
VmallocChunk:   34359541876 kB
HardwareCorrupted:     0 kB
AnonHugePages:         0 kB
HugePages_Total:       0
HugePages_Free:        0
HugePages_Rsvd:        0
HugePages_Surp:        0
Hugepagesize:       2048 kB
DirectMap4k:       65460 kB
DirectMap2M:    33443840 kB


CPU:total 8 (4 cores per cpu, 2 threads per core) family 6 model 58 stepping 9, cmov, cx8, fxsr, mmx, sse, sse2, sse3, ssse3, sse4.1, sse4.2, popcnt, avx, ht, tsc, tscinvbit, tscinv

/proc/cpuinfo:
processor	: 0
vendor_id	: GenuineIntel
cpu family	: 6
model		: 58
model name	: Intel(R) Core(TM) i7-3770 CPU @ 3.40GHz
stepping	: 9
microcode	: 0x10
cpu MHz		: 1600.000
cache size	: 8192 KB
physical id	: 0
siblings	: 8
core id		: 0
cpu cores	: 4
apicid		: 0
initial apicid	: 0
fpu		: yes
fpu_exception	: yes
cpuid level	: 13
wp		: yes
flags		: fpu vme de pse tsc msr pae mce cx8 apic sep mtrr pge mca cmov pat pse36 clflush dts acpi mmx fxsr sse sse2 ss ht tm pbe syscall nx rdtscp lm constant_tsc arch_perfmon pebs bts rep_good nopl xtopology nonstop_tsc aperfmperf eagerfpu pni pclmulqdq dtes64 monitor ds_cpl vmx smx est tm2 ssse3 cx16 xtpr pdcm pcid sse4_1 sse4_2 x2apic popcnt tsc_deadline_timer aes xsave avx f16c rdrand lahf_lm ida arat epb xsaveopt pln pts dtherm tpr_shadow vnmi flexpriority ept vpid fsgsbase smep erms
bogomips	: 6820.21
clflush size	: 64
cache_alignment	: 64
address sizes	: 36 bits physical, 48 bits virtual
power management:

processor	: 1
vendor_id	: GenuineIntel
cpu family	: 6
model		: 58
model name	: Intel(R) Core(TM) i7-3770 CPU @ 3.40GHz
stepping	: 9
microcode	: 0x10
cpu MHz		: 1600.000
cache size	: 8192 KB
physical id	: 0
siblings	: 8
core id		: 1
cpu cores	: 4
apicid		: 2
initial apicid	: 2
fpu		: yes
fpu_exception	: yes
cpuid level	: 13
wp		: yes
flags		: fpu vme de pse tsc msr pae mce cx8 apic sep mtrr pge mca cmov pat pse36 clflush dts acpi mmx fxsr sse sse2 ss ht tm pbe syscall nx rdtscp lm constant_tsc arch_perfmon pebs bts rep_good nopl xtopology nonstop_tsc aperfmperf eagerfpu pni pclmulqdq dtes64 monitor ds_cpl vmx smx est tm2 ssse3 cx16 xtpr pdcm pcid sse4_1 sse4_2 x2apic popcnt tsc_deadline_timer aes xsave avx f16c rdrand lahf_lm ida arat epb xsaveopt pln pts dtherm tpr_shadow vnmi flexpriority ept vpid fsgsbase smep erms
bogomips	: 6820.21
clflush size	: 64
cache_alignment	: 64
address sizes	: 36 bits physical, 48 bits virtual
power management:

processor	: 2
vendor_id	: GenuineIntel
cpu family	: 6
model		: 58
model name	: Intel(R) Core(TM) i7-3770 CPU @ 3.40GHz
stepping	: 9
microcode	: 0x10
cpu MHz		: 1600.000
cache size	: 8192 KB
physical id	: 0
siblings	: 8
core id		: 2
cpu cores	: 4
apicid		: 4
initial apicid	: 4
fpu		: yes
fpu_exception	: yes
cpuid level	: 13
wp		: yes
flags		: fpu vme de pse tsc msr pae mce cx8 apic sep mtrr pge mca cmov pat pse36 clflush dts acpi mmx fxsr sse sse2 ss ht tm pbe syscall nx rdtscp lm constant_tsc arch_perfmon pebs bts rep_good nopl xtopology nonstop_tsc aperfmperf eagerfpu pni pclmulqdq dtes64 monitor ds_cpl vmx smx est tm2 ssse3 cx16 xtpr pdcm pcid sse4_1 sse4_2 x2apic popcnt tsc_deadline_timer aes xsave avx f16c rdrand lahf_lm ida arat epb xsaveopt pln pts dtherm tpr_shadow vnmi flexpriority ept vpid fsgsbase smep erms
bogomips	: 6820.21
clflush size	: 64
cache_alignment	: 64
address sizes	: 36 bits physical, 48 bits virtual
power management:

processor	: 3
vendor_id	: GenuineIntel
cpu family	: 6
model		: 58
model name	: Intel(R) Core(TM) i7-3770 CPU @ 3.40GHz
stepping	: 9
microcode	: 0x10
cpu MHz		: 1600.000
cache size	: 8192 KB
physical id	: 0
siblings	: 8
core id		: 3
cpu cores	: 4
apicid		: 6
initial apicid	: 6
fpu		: yes
fpu_exception	: yes
cpuid level	: 13
wp		: yes
flags		: fpu vme de pse tsc msr pae mce cx8 apic sep mtrr pge mca cmov pat pse36 clflush dts acpi mmx fxsr sse sse2 ss ht tm pbe syscall nx rdtscp lm constant_tsc arch_perfmon pebs bts rep_good nopl xtopology nonstop_tsc aperfmperf eagerfpu pni pclmulqdq dtes64 monitor ds_cpl vmx smx est tm2 ssse3 cx16 xtpr pdcm pcid sse4_1 sse4_2 x2apic popcnt tsc_deadline_timer aes xsave avx f16c rdrand lahf_lm ida arat epb xsaveopt pln pts dtherm tpr_shadow vnmi flexpriority ept vpid fsgsbase smep erms
bogomips	: 6820.21
clflush size	: 64
cache_alignment	: 64
address sizes	: 36 bits physical, 48 bits virtual
power management:

processor	: 4
vendor_id	: GenuineIntel
cpu family	: 6
model		: 58
model name	: Intel(R) Core(TM) i7-3770 CPU @ 3.40GHz
stepping	: 9
microcode	: 0x10
cpu MHz		: 1600.000
cache size	: 8192 KB
physical id	: 0
siblings	: 8
core id		: 0
cpu cores	: 4
apicid		: 1
initial apicid	: 1
fpu		: yes
fpu_exception	: yes
cpuid level	: 13
wp		: yes
flags		: fpu vme de pse tsc msr pae mce cx8 apic sep mtrr pge mca cmov pat pse36 clflush dts acpi mmx fxsr sse sse2 ss ht tm pbe syscall nx rdtscp lm constant_tsc arch_perfmon pebs bts rep_good nopl xtopology nonstop_tsc aperfmperf eagerfpu pni pclmulqdq dtes64 monitor ds_cpl vmx smx est tm2 ssse3 cx16 xtpr pdcm pcid sse4_1 sse4_2 x2apic popcnt tsc_deadline_timer aes xsave avx f16c rdrand lahf_lm ida arat epb xsaveopt pln pts dtherm tpr_shadow vnmi flexpriority ept vpid fsgsbase smep erms
bogomips	: 6820.21
clflush size	: 64
cache_alignment	: 64
address sizes	: 36 bits physical, 48 bits virtual
power management:

processor	: 5
vendor_id	: GenuineIntel
cpu family	: 6
model		: 58
model name	: Intel(R) Core(TM) i7-3770 CPU @ 3.40GHz
stepping	: 9
microcode	: 0x10
cpu MHz		: 1600.000
cache size	: 8192 KB
physical id	: 0
siblings	: 8
core id		: 1
cpu cores	: 4
apicid		: 3
initial apicid	: 3
fpu		: yes
fpu_exception	: yes
cpuid level	: 13
wp		: yes
flags		: fpu vme de pse tsc msr pae mce cx8 apic sep mtrr pge mca cmov pat pse36 clflush dts acpi mmx fxsr sse sse2 ss ht tm pbe syscall nx rdtscp lm constant_tsc arch_perfmon pebs bts rep_good nopl xtopology nonstop_tsc aperfmperf eagerfpu pni pclmulqdq dtes64 monitor ds_cpl vmx smx est tm2 ssse3 cx16 xtpr pdcm pcid sse4_1 sse4_2 x2apic popcnt tsc_deadline_timer aes xsave avx f16c rdrand lahf_lm ida arat epb xsaveopt pln pts dtherm tpr_shadow vnmi flexpriority ept vpid fsgsbase smep erms
bogomips	: 6820.21
clflush size	: 64
cache_alignment	: 64
address sizes	: 36 bits physical, 48 bits virtual
power management:

processor	: 6
vendor_id	: GenuineIntel
cpu family	: 6
model		: 58
model name	: Intel(R) Core(TM) i7-3770 CPU @ 3.40GHz
stepping	: 9
microcode	: 0x10
cpu MHz		: 3401.000
cache size	: 8192 KB
physical id	: 0
siblings	: 8
core id		: 2
cpu cores	: 4
apicid		: 5
initial apicid	: 5
fpu		: yes
fpu_exception	: yes
cpuid level	: 13
wp		: yes
flags		: fpu vme de pse tsc msr pae mce cx8 apic sep mtrr pge mca cmov pat pse36 clflush dts acpi mmx fxsr sse sse2 ss ht tm pbe syscall nx rdtscp lm constant_tsc arch_perfmon pebs bts rep_good nopl xtopology nonstop_tsc aperfmperf eagerfpu pni pclmulqdq dtes64 monitor ds_cpl vmx smx est tm2 ssse3 cx16 xtpr pdcm pcid sse4_1 sse4_2 x2apic popcnt tsc_deadline_timer aes xsave avx f16c rdrand lahf_lm ida arat epb xsaveopt pln pts dtherm tpr_shadow vnmi flexpriority ept vpid fsgsbase smep erms
bogomips	: 6820.21
clflush size	: 64
cache_alignment	: 64
address sizes	: 36 bits physical, 48 bits virtual
power management:

processor	: 7
vendor_id	: GenuineIntel
cpu family	: 6
model		: 58
model name	: Intel(R) Core(TM) i7-3770 CPU @ 3.40GHz
stepping	: 9
microcode	: 0x10
cpu MHz		: 1600.000
cache size	: 8192 KB
physical id	: 0
siblings	: 8
core id		: 3
cpu cores	: 4
apicid		: 7
initial apicid	: 7
fpu		: yes
fpu_exception	: yes
cpuid level	: 13
wp		: yes
flags		: fpu vme de pse tsc msr pae mce cx8 apic sep mtrr pge mca cmov pat pse36 clflush dts acpi mmx fxsr sse sse2 ss ht tm pbe syscall nx rdtscp lm constant_tsc arch_perfmon pebs bts rep_good nopl xtopology nonstop_tsc aperfmperf eagerfpu pni pclmulqdq dtes64 monitor ds_cpl vmx smx est tm2 ssse3 cx16 xtpr pdcm pcid sse4_1 sse4_2 x2apic popcnt tsc_deadline_timer aes xsave avx f16c rdrand lahf_lm ida arat epb xsaveopt pln pts dtherm tpr_shadow vnmi flexpriority ept vpid fsgsbase smep erms
bogomips	: 6820.21
clflush size	: 64
cache_alignment	: 64
address sizes	: 36 bits physical, 48 bits virtual
power management:



Memory: 4k page, physical 32904180k(18122828k free), swap 34179068k(34179068k free)

vm_info: OpenJDK 64-Bit Server VM (23.7-b01) for linux-amd64 JRE (1.7.0_25-b30), built on Oct 11 2013 18:04:12 by "buildd" with gcc 4.8.1

time: Wed Dec  4 16:04:13 2013
elapsed time: 78 seconds

